<?xml version="1.0" encoding="utf-8"?>
<CoverageSession>
  <Summary numSequencePoints="918" visitedSequencePoints="713" numBranchPoints="76" visitedBranchPoints="41" sequenceCoverage="77.66" branchCoverage="53.94" maxCyclomaticComplexity="49" minCyclomaticComplexity="4" visitedClasses="36" numClasses="60" visitedMethods="58" numMethods="102" />
  <Modules>
    <Module hash="7EEE1CAD-B437-416F-A7C3-0F3D425CC1E5">
      <ModulePath>OrderingSystem.Api.dll</ModulePath>
      <ModuleTime>2026-06-01T09:46:29</ModuleTime>
      <ModuleName>OrderingSystem.Api</ModuleName>
      <Files>
        <File uid="1" fullPath="C:\Users\ecos0\source\ai-test\src\OrderingSystem.Api\Program.cs" />
        <File uid="2" fullPath="C:\Users\ecos0\source\ai-test\src\OrderingSystem.Api\Controllers\OrdersController.cs" />
        <File uid="3" fullPath="C:\Users\ecos0\source\ai-test\src\OrderingSystem.Api\Consumers\OrderAnalysisCompletedConsumer.cs" />
      </Files>
      <Classes>
        <Class>
          <Summary numSequencePoints="62" visitedSequencePoints="62" numBranchPoints="10" visitedBranchPoints="5" sequenceCoverage="100" branchCoverage="50" maxCyclomaticComplexity="10" minCyclomaticComplexity="10" visitedClasses="1" numClasses="1" visitedMethods="1" numMethods="1" />
          <FullName>Program</FullName>
          <Methods>
            <Method cyclomaticComplexity="10" nPathComplexity="10" sequenceCoverage="100" branchCoverage="50" isConstructor="False" isGetter="False" isSetter="False" isStatic="True">
              <Summary numSequencePoints="62" visitedSequencePoints="62" numBranchPoints="10" visitedBranchPoints="5" sequenceCoverage="100" branchCoverage="50" maxCyclomaticComplexity="10" minCyclomaticComplexity="10" visitedClasses="0" numClasses="0" visitedMethods="1" numMethods="1" />
              <MetadataToken />
              <Name>System.Void Program::&lt;Main&gt;$(System.String[])</Name>
              <FileRef uid="1" />
              <SequencePoints>
                <SequencePoint vc="2" uspid="14" ordinal="0" sl="14" sc="1" el="14" ec="2" bec="0" bev="0" fileid="1" />
                <SequencePoint vc="2" uspid="17" ordinal="1" sl="17" sc="1" el="17" ec="2" bec="0" bev="0" fileid="1" />
                <SequencePoint vc="2" uspid="18" ordinal="2" sl="18" sc="1" el="18" ec="2" bec="0" bev="0" fileid="1" />
                <SequencePoint vc="2" uspid="19" ordinal="3" sl="19" sc="1" el="19" ec="2" bec="0" bev="0" fileid="1" />
                <SequencePoint vc="2" uspid="22" ordinal="4" sl="22" sc="1" el="22" ec="2" bec="0" bev="0" fileid="1" />
                <SequencePoint vc="2" uspid="23" ordinal="5" sl="23" sc="1" el="23" ec="2" bec="0" bev="0" fileid="1" />
                <SequencePoint vc="7" uspid="24" ordinal="6" sl="24" sc="1" el="24" ec="2" bec="0" bev="0" fileid="1" />
                <SequencePoint vc="3" uspid="26" ordinal="7" sl="26" sc="1" el="26" ec="2" bec="0" bev="0" fileid="1" />
                <SequencePoint vc="2" uspid="27" ordinal="8" sl="27" sc="1" el="27" ec="2" bec="0" bev="0" fileid="1" />
                <SequencePoint vc="2" uspid="30" ordinal="9" sl="30" sc="1" el="30" ec="2" bec="0" bev="0" fileid="1" />
                <SequencePoint vc="2" uspid="31" ordinal="10" sl="31" sc="1" el="31" ec="2" bec="0" bev="0" fileid="1" />
                <SequencePoint vc="2" uspid="32" ordinal="11" sl="32" sc="1" el="32" ec="2" bec="0" bev="0" fileid="1" />
                <SequencePoint vc="2" uspid="35" ordinal="12" sl="35" sc="1" el="35" ec="2" bec="0" bev="0" fileid="1" />
                <SequencePoint vc="2" uspid="36" ordinal="13" sl="36" sc="1" el="36" ec="2" bec="0" bev="0" fileid="1" />
                <SequencePoint vc="2" uspid="37" ordinal="14" sl="37" sc="1" el="37" ec="2" bec="0" bev="0" fileid="1" />
                <SequencePoint vc="2" uspid="38" ordinal="15" sl="38" sc="1" el="38" ec="2" bec="0" bev="0" fileid="1" />
                <SequencePoint vc="2" uspid="39" ordinal="16" sl="39" sc="1" el="39" ec="2" bec="0" bev="0" fileid="1" />
                <SequencePoint vc="2" uspid="40" ordinal="17" sl="40" sc="1" el="40" ec="2" bec="2" bev="1" fileid="1" />
                <SequencePoint vc="2" uspid="41" ordinal="18" sl="41" sc="1" el="41" ec="2" bec="0" bev="0" fileid="1" />
                <SequencePoint vc="2" uspid="42" ordinal="19" sl="42" sc="1" el="42" ec="2" bec="0" bev="0" fileid="1" />
                <SequencePoint vc="2" uspid="43" ordinal="20" sl="43" sc="1" el="43" ec="2" bec="2" bev="1" fileid="1" />
                <SequencePoint vc="2" uspid="44" ordinal="21" sl="44" sc="1" el="44" ec="2" bec="0" bev="0" fileid="1" />
                <SequencePoint vc="2" uspid="45" ordinal="22" sl="45" sc="1" el="45" ec="2" bec="0" bev="0" fileid="1" />
                <SequencePoint vc="2" uspid="46" ordinal="23" sl="46" sc="1" el="46" ec="2" bec="2" bev="1" fileid="1" />
                <SequencePoint vc="2" uspid="47" ordinal="24" sl="47" sc="1" el="47" ec="2" bec="0" bev="0" fileid="1" />
                <SequencePoint vc="2" uspid="48" ordinal="25" sl="48" sc="1" el="48" ec="2" bec="0" bev="0" fileid="1" />
                <SequencePoint vc="2" uspid="49" ordinal="26" sl="49" sc="1" el="49" ec="2" bec="0" bev="0" fileid="1" />
                <SequencePoint vc="2" uspid="50" ordinal="27" sl="50" sc="1" el="50" ec="2" bec="2" bev="1" fileid="1" />
                <SequencePoint vc="2" uspid="51" ordinal="28" sl="51" sc="1" el="51" ec="2" bec="2" bev="1" fileid="1" />
                <SequencePoint vc="4" uspid="52" ordinal="29" sl="52" sc="1" el="52" ec="2" bec="0" bev="0" fileid="1" />
                <SequencePoint vc="2" uspid="53" ordinal="30" sl="53" sc="1" el="53" ec="2" bec="0" bev="0" fileid="1" />
                <SequencePoint vc="4" uspid="54" ordinal="31" sl="54" sc="1" el="54" ec="2" bec="0" bev="0" fileid="1" />
                <SequencePoint vc="2" uspid="55" ordinal="32" sl="55" sc="1" el="55" ec="2" bec="0" bev="0" fileid="1" />
                <SequencePoint vc="2" uspid="56" ordinal="33" sl="56" sc="1" el="56" ec="2" bec="0" bev="0" fileid="1" />
                <SequencePoint vc="2" uspid="57" ordinal="34" sl="57" sc="1" el="57" ec="2" bec="0" bev="0" fileid="1" />
                <SequencePoint vc="2" uspid="58" ordinal="35" sl="58" sc="1" el="58" ec="2" bec="0" bev="0" fileid="1" />
                <SequencePoint vc="4" uspid="59" ordinal="36" sl="59" sc="1" el="59" ec="2" bec="0" bev="0" fileid="1" />
                <SequencePoint vc="2" uspid="60" ordinal="37" sl="60" sc="1" el="60" ec="2" bec="0" bev="0" fileid="1" />
                <SequencePoint vc="2" uspid="61" ordinal="38" sl="61" sc="1" el="61" ec="2" bec="0" bev="0" fileid="1" />
                <SequencePoint vc="4" uspid="62" ordinal="39" sl="62" sc="1" el="62" ec="2" bec="0" bev="0" fileid="1" />
                <SequencePoint vc="4" uspid="63" ordinal="40" sl="63" sc="1" el="63" ec="2" bec="0" bev="0" fileid="1" />
                <SequencePoint vc="2" uspid="66" ordinal="41" sl="66" sc="1" el="66" ec="2" bec="0" bev="0" fileid="1" />
                <SequencePoint vc="2" uspid="67" ordinal="42" sl="67" sc="1" el="67" ec="2" bec="0" bev="0" fileid="1" />
                <SequencePoint vc="2" uspid="68" ordinal="43" sl="68" sc="1" el="68" ec="2" bec="0" bev="0" fileid="1" />
                <SequencePoint vc="2" uspid="69" ordinal="44" sl="69" sc="1" el="69" ec="2" bec="0" bev="0" fileid="1" />
                <SequencePoint vc="4" uspid="70" ordinal="45" sl="70" sc="1" el="70" ec="2" bec="0" bev="0" fileid="1" />
                <SequencePoint vc="2" uspid="73" ordinal="46" sl="73" sc="1" el="73" ec="2" bec="0" bev="0" fileid="1" />
                <SequencePoint vc="1" uspid="74" ordinal="47" sl="74" sc="1" el="74" ec="2" bec="0" bev="0" fileid="1" />
                <SequencePoint vc="1" uspid="75" ordinal="48" sl="75" sc="1" el="75" ec="2" bec="0" bev="0" fileid="1" />
                <SequencePoint vc="1" uspid="76" ordinal="49" sl="76" sc="1" el="76" ec="2" bec="0" bev="0" fileid="1" />
                <SequencePoint vc="3" uspid="77" ordinal="50" sl="77" sc="1" el="77" ec="2" bec="0" bev="0" fileid="1" />
                <SequencePoint vc="2" uspid="79" ordinal="51" sl="79" sc="1" el="79" ec="2" bec="0" bev="0" fileid="1" />
                <SequencePoint vc="2" uspid="82" ordinal="52" sl="82" sc="1" el="82" ec="2" bec="0" bev="0" fileid="1" />
                <SequencePoint vc="2" uspid="85" ordinal="53" sl="85" sc="1" el="85" ec="2" bec="0" bev="0" fileid="1" />
                <SequencePoint vc="2" uspid="86" ordinal="54" sl="86" sc="1" el="86" ec="2" bec="0" bev="0" fileid="1" />
                <SequencePoint vc="2" uspid="87" ordinal="55" sl="87" sc="1" el="87" ec="2" bec="0" bev="0" fileid="1" />
                <SequencePoint vc="2" uspid="88" ordinal="56" sl="88" sc="1" el="88" ec="2" bec="0" bev="0" fileid="1" />
                <SequencePoint vc="2" uspid="89" ordinal="57" sl="89" sc="1" el="89" ec="2" bec="0" bev="0" fileid="1" />
                <SequencePoint vc="4" uspid="90" ordinal="58" sl="90" sc="1" el="90" ec="2" bec="0" bev="0" fileid="1" />
                <SequencePoint vc="2" uspid="93" ordinal="59" sl="93" sc="1" el="93" ec="2" bec="0" bev="0" fileid="1" />
                <SequencePoint vc="2" uspid="94" ordinal="60" sl="94" sc="1" el="94" ec="2" bec="0" bev="0" fileid="1" />
                <SequencePoint vc="2" uspid="96" ordinal="61" sl="96" sc="1" el="96" ec="2" bec="0" bev="0" fileid="1" />
              </SequencePoints>
              <BranchPoints>
                <BranchPoint vc="2" uspid="40" ordinal="0" path="0" offset="17" offsetend="19" sl="40" fileid="1" />
                <BranchPoint vc="0" uspid="40" ordinal="1" path="1" offset="17" offsetend="41" sl="40" fileid="1" />
                <BranchPoint vc="0" uspid="43" ordinal="0" path="0" offset="58" offsetend="60" sl="43" fileid="1" />
                <BranchPoint vc="2" uspid="43" ordinal="1" path="1" offset="58" offsetend="66" sl="43" fileid="1" />
                <BranchPoint vc="0" uspid="46" ordinal="2" path="0" offset="90" offsetend="92" sl="46" fileid="1" />
                <BranchPoint vc="2" uspid="46" ordinal="3" path="1" offset="90" offsetend="99" sl="46" fileid="1" />
                <BranchPoint vc="0" uspid="50" ordinal="0" path="0" offset="19" offsetend="21" sl="50" fileid="1" />
                <BranchPoint vc="2" uspid="50" ordinal="1" path="1" offset="19" offsetend="27" sl="50" fileid="1" />
                <BranchPoint vc="0" uspid="51" ordinal="2" path="0" offset="51" offsetend="53" sl="51" fileid="1" />
                <BranchPoint vc="2" uspid="51" ordinal="3" path="1" offset="51" offsetend="59" sl="51" fileid="1" />
              </BranchPoints>
              <MethodPoint vc="62" uspid="0" p8:type="SequencePoint" ordinal="0" offset="0" sc="0" sl="14" ec="1" el="96" bec="0" bev="0" fileid="1" xmlns:p8="xsi" />
            </Method>
          </Methods>
        </Class>
        <Class>
          <Summary numSequencePoints="1" visitedSequencePoints="0" numBranchPoints="0" visitedBranchPoints="0" sequenceCoverage="0" branchCoverage="100" maxCyclomaticComplexity="1" minCyclomaticComplexity="1" visitedClasses="0" numClasses="1" visitedMethods="0" numMethods="1" />
          <FullName>BasicTierEntityNameFormatter</FullName>
          <Methods>
            <Method cyclomaticComplexity="1" nPathComplexity="1" sequenceCoverage="0" branchCoverage="100" isConstructor="False" isGetter="False" isSetter="False" isStatic="True">
              <Summary numSequencePoints="1" visitedSequencePoints="0" numBranchPoints="0" visitedBranchPoints="0" sequenceCoverage="0" branchCoverage="100" maxCyclomaticComplexity="1" minCyclomaticComplexity="1" visitedClasses="0" numClasses="0" visitedMethods="0" numMethods="1" />
              <MetadataToken />
              <Name>System.String BasicTierEntityNameFormatter::FormatEntityName()</Name>
              <FileRef uid="1" />
              <SequencePoints>
                <SequencePoint vc="0" uspid="102" ordinal="0" sl="102" sc="1" el="102" ec="2" bec="0" bev="0" fileid="1" />
              </SequencePoints>
              <BranchPoints />
              <MethodPoint vc="0" uspid="0" p8:type="SequencePoint" ordinal="0" offset="0" sc="0" sl="102" ec="1" el="102" bec="0" bev="0" fileid="1" xmlns:p8="xsi" />
            </Method>
          </Methods>
        </Class>
        <Class>
          <Summary numSequencePoints="1" visitedSequencePoints="1" numBranchPoints="0" visitedBranchPoints="0" sequenceCoverage="100" branchCoverage="100" maxCyclomaticComplexity="1" minCyclomaticComplexity="1" visitedClasses="1" numClasses="1" visitedMethods="1" numMethods="1" />
          <FullName>OrderingSystem.Api.Controllers.OrdersController</FullName>
          <Methods>
            <Method cyclomaticComplexity="1" nPathComplexity="1" sequenceCoverage="100" branchCoverage="100" isConstructor="True" isGetter="False" isSetter="False" isStatic="True">
              <Summary numSequencePoints="1" visitedSequencePoints="1" numBranchPoints="0" visitedBranchPoints="0" sequenceCoverage="100" branchCoverage="100" maxCyclomaticComplexity="1" minCyclomaticComplexity="1" visitedClasses="0" numClasses="0" visitedMethods="1" numMethods="1" />
              <MetadataToken />
              <Name>System.Void OrderingSystem.Api.Controllers.OrdersController::.ctor(MediatR.ISender)</Name>
              <FileRef uid="2" />
              <SequencePoints>
                <SequencePoint vc="1" uspid="11" ordinal="0" sl="11" sc="1" el="11" ec="2" bec="0" bev="0" fileid="2" />
              </SequencePoints>
              <BranchPoints />
              <MethodPoint vc="1" uspid="0" p8:type="SequencePoint" ordinal="0" offset="0" sc="0" sl="11" ec="1" el="11" bec="0" bev="0" fileid="2" xmlns:p8="xsi" />
            </Method>
          </Methods>
        </Class>
        <Class>
          <Summary numSequencePoints="5" visitedSequencePoints="5" numBranchPoints="0" visitedBranchPoints="0" sequenceCoverage="100" branchCoverage="100" maxCyclomaticComplexity="1" minCyclomaticComplexity="1" visitedClasses="1" numClasses="1" visitedMethods="1" numMethods="1" />
          <FullName>OrderingSystem.Api.Controllers.OrdersController/&lt;Create&gt;d__2</FullName>
          <Methods>
            <Method cyclomaticComplexity="1" nPathComplexity="1" sequenceCoverage="100" branchCoverage="100" isConstructor="False" isGetter="False" isSetter="False" isStatic="True">
              <Summary numSequencePoints="5" visitedSequencePoints="5" numBranchPoints="0" visitedBranchPoints="0" sequenceCoverage="100" branchCoverage="100" maxCyclomaticComplexity="1" minCyclomaticComplexity="1" visitedClasses="0" numClasses="0" visitedMethods="1" numMethods="1" />
              <MetadataToken />
              <Name>System.Void OrderingSystem.Api.Controllers.OrdersController/&lt;Create&gt;d__2::MoveNext()</Name>
              <FileRef uid="2" />
              <SequencePoints>
                <SequencePoint vc="1" uspid="15" ordinal="0" sl="15" sc="1" el="15" ec="2" bec="0" bev="0" fileid="2" />
                <SequencePoint vc="1" uspid="17" ordinal="1" sl="17" sc="1" el="17" ec="2" bec="0" bev="0" fileid="2" />
                <SequencePoint vc="1" uspid="18" ordinal="2" sl="18" sc="1" el="18" ec="2" bec="0" bev="0" fileid="2" />
                <SequencePoint vc="1" uspid="19" ordinal="3" sl="19" sc="1" el="19" ec="2" bec="0" bev="0" fileid="2" />
                <SequencePoint vc="1" uspid="20" ordinal="4" sl="20" sc="1" el="20" ec="2" bec="0" bev="0" fileid="2" />
              </SequencePoints>
              <BranchPoints />
              <MethodPoint vc="5" uspid="0" p8:type="SequencePoint" ordinal="0" offset="0" sc="0" sl="15" ec="1" el="20" bec="0" bev="0" fileid="2" xmlns:p8="xsi" />
            </Method>
          </Methods>
        </Class>
        <Class>
          <Summary numSequencePoints="4" visitedSequencePoints="0" numBranchPoints="2" visitedBranchPoints="0" sequenceCoverage="0" branchCoverage="0" maxCyclomaticComplexity="2" minCyclomaticComplexity="2" visitedClasses="0" numClasses="1" visitedMethods="0" numMethods="1" />
          <FullName>OrderingSystem.Api.Controllers.OrdersController/&lt;Get&gt;d__4</FullName>
          <Methods>
            <Method cyclomaticComplexity="2" nPathComplexity="2" sequenceCoverage="0" branchCoverage="0" isConstructor="False" isGetter="False" isSetter="False" isStatic="True">
              <Summary numSequencePoints="4" visitedSequencePoints="0" numBranchPoints="2" visitedBranchPoints="0" sequenceCoverage="0" branchCoverage="0" maxCyclomaticComplexity="2" minCyclomaticComplexity="2" visitedClasses="0" numClasses="0" visitedMethods="0" numMethods="1" />
              <MetadataToken />
              <Name>System.Void OrderingSystem.Api.Controllers.OrdersController/&lt;Get&gt;d__4::MoveNext()</Name>
              <FileRef uid="2" />
              <SequencePoints>
                <SequencePoint vc="0" uspid="33" ordinal="0" sl="33" sc="1" el="33" ec="2" bec="0" bev="0" fileid="2" />
                <SequencePoint vc="0" uspid="34" ordinal="1" sl="34" sc="1" el="34" ec="2" bec="0" bev="0" fileid="2" />
                <SequencePoint vc="0" uspid="36" ordinal="2" sl="36" sc="1" el="36" ec="2" bec="2" bev="0" fileid="2" />
                <SequencePoint vc="0" uspid="37" ordinal="3" sl="37" sc="1" el="37" ec="2" bec="0" bev="0" fileid="2" />
              </SequencePoints>
              <BranchPoints>
                <BranchPoint vc="0" uspid="36" ordinal="0" path="0" offset="172" offsetend="174" sl="36" fileid="2" />
                <BranchPoint vc="0" uspid="36" ordinal="1" path="1" offset="172" offsetend="191" sl="36" fileid="2" />
              </BranchPoints>
              <MethodPoint vc="0" uspid="0" p8:type="SequencePoint" ordinal="0" offset="0" sc="0" sl="33" ec="1" el="37" bec="0" bev="0" fileid="2" xmlns:p8="xsi" />
            </Method>
          </Methods>
        </Class>
        <Class>
          <Summary numSequencePoints="5" visitedSequencePoints="0" numBranchPoints="0" visitedBranchPoints="0" sequenceCoverage="0" branchCoverage="100" maxCyclomaticComplexity="1" minCyclomaticComplexity="1" visitedClasses="0" numClasses="1" visitedMethods="0" numMethods="1" />
          <FullName>OrderingSystem.Api.Controllers.OrdersController/&lt;GetOrders&gt;d__3</FullName>
          <Methods>
            <Method cyclomaticComplexity="1" nPathComplexity="1" sequenceCoverage="0" branchCoverage="100" isConstructor="False" isGetter="False" isSetter="False" isStatic="True">
              <Summary numSequencePoints="5" visitedSequencePoints="0" numBranchPoints="0" visitedBranchPoints="0" sequenceCoverage="0" branchCoverage="100" maxCyclomaticComplexity="1" minCyclomaticComplexity="1" visitedClasses="0" numClasses="0" visitedMethods="0" numMethods="1" />
              <MetadataToken />
              <Name>System.Void OrderingSystem.Api.Controllers.OrdersController/&lt;GetOrders&gt;d__3::MoveNext()</Name>
              <FileRef uid="2" />
              <SequencePoints>
                <SequencePoint vc="0" uspid="24" ordinal="0" sl="24" sc="1" el="24" ec="2" bec="0" bev="0" fileid="2" />
                <SequencePoint vc="0" uspid="26" ordinal="1" sl="26" sc="1" el="26" ec="2" bec="0" bev="0" fileid="2" />
                <SequencePoint vc="0" uspid="27" ordinal="2" sl="27" sc="1" el="27" ec="2" bec="0" bev="0" fileid="2" />
                <SequencePoint vc="0" uspid="29" ordinal="3" sl="29" sc="1" el="29" ec="2" bec="0" bev="0" fileid="2" />
                <SequencePoint vc="0" uspid="30" ordinal="4" sl="30" sc="1" el="30" ec="2" bec="0" bev="0" fileid="2" />
              </SequencePoints>
              <BranchPoints />
              <MethodPoint vc="0" uspid="0" p8:type="SequencePoint" ordinal="0" offset="0" sc="0" sl="24" ec="1" el="30" bec="0" bev="0" fileid="2" xmlns:p8="xsi" />
            </Method>
          </Methods>
        </Class>
        <Class>
          <Summary numSequencePoints="7" visitedSequencePoints="7" numBranchPoints="0" visitedBranchPoints="0" sequenceCoverage="100" branchCoverage="100" maxCyclomaticComplexity="1" minCyclomaticComplexity="1" visitedClasses="1" numClasses="1" visitedMethods="1" numMethods="1" />
          <FullName>OrderingSystem.API.Consumers.OrderAnalysisCompletedConsumer</FullName>
          <Methods>
            <Method cyclomaticComplexity="1" nPathComplexity="1" sequenceCoverage="100" branchCoverage="100" isConstructor="True" isGetter="False" isSetter="False" isStatic="True">
              <Summary numSequencePoints="7" visitedSequencePoints="7" numBranchPoints="0" visitedBranchPoints="0" sequenceCoverage="100" branchCoverage="100" maxCyclomaticComplexity="1" minCyclomaticComplexity="1" visitedClasses="0" numClasses="0" visitedMethods="1" numMethods="1" />
              <MetadataToken />
              <Name>System.Void OrderingSystem.API.Consumers.OrderAnalysisCompletedConsumer::.ctor(Microsoft.Extensions.Logging.ILogger`1&lt;OrderingSystem.API.Consumers.OrderAnalysisCompletedConsumer&gt;,OrderingSystem.Domain.Repositories.IOrderRepository)</Name>
              <FileRef uid="3" />
              <SequencePoints>
                <SequencePoint vc="1" uspid="13" ordinal="0" sl="13" sc="1" el="13" ec="2" bec="0" bev="0" fileid="3" />
                <SequencePoint vc="1" uspid="14" ordinal="1" sl="14" sc="1" el="14" ec="2" bec="0" bev="0" fileid="3" />
                <SequencePoint vc="1" uspid="15" ordinal="2" sl="15" sc="1" el="15" ec="2" bec="0" bev="0" fileid="3" />
                <SequencePoint vc="1" uspid="16" ordinal="3" sl="16" sc="1" el="16" ec="2" bec="0" bev="0" fileid="3" />
                <SequencePoint vc="1" uspid="17" ordinal="4" sl="17" sc="1" el="17" ec="2" bec="0" bev="0" fileid="3" />
                <SequencePoint vc="1" uspid="18" ordinal="5" sl="18" sc="1" el="18" ec="2" bec="0" bev="0" fileid="3" />
                <SequencePoint vc="1" uspid="19" ordinal="6" sl="19" sc="1" el="19" ec="2" bec="0" bev="0" fileid="3" />
              </SequencePoints>
              <BranchPoints />
              <MethodPoint vc="7" uspid="0" p8:type="SequencePoint" ordinal="0" offset="0" sc="0" sl="13" ec="1" el="19" bec="0" bev="0" fileid="3" xmlns:p8="xsi" />
            </Method>
          </Methods>
        </Class>
        <Class>
          <Summary numSequencePoints="23" visitedSequencePoints="13" numBranchPoints="4" visitedBranchPoints="2" sequenceCoverage="56.52" branchCoverage="50" maxCyclomaticComplexity="4" minCyclomaticComplexity="4" visitedClasses="1" numClasses="1" visitedMethods="1" numMethods="1" />
          <FullName>OrderingSystem.API.Consumers.OrderAnalysisCompletedConsumer/&lt;Consume&gt;d__3</FullName>
          <Methods>
            <Method cyclomaticComplexity="4" nPathComplexity="4" sequenceCoverage="56.52" branchCoverage="50" isConstructor="False" isGetter="False" isSetter="False" isStatic="True">
              <Summary numSequencePoints="23" visitedSequencePoints="13" numBranchPoints="4" visitedBranchPoints="2" sequenceCoverage="56.52" branchCoverage="50" maxCyclomaticComplexity="4" minCyclomaticComplexity="4" visitedClasses="0" numClasses="0" visitedMethods="1" numMethods="1" />
              <MetadataToken />
              <Name>System.Void OrderingSystem.API.Consumers.OrderAnalysisCompletedConsumer/&lt;Consume&gt;d__3::MoveNext()</Name>
              <FileRef uid="3" />
              <SequencePoints>
                <SequencePoint vc="1" uspid="22" ordinal="0" sl="22" sc="1" el="22" ec="2" bec="0" bev="0" fileid="3" />
                <SequencePoint vc="1" uspid="23" ordinal="1" sl="23" sc="1" el="23" ec="2" bec="0" bev="0" fileid="3" />
                <SequencePoint vc="1" uspid="25" ordinal="2" sl="25" sc="1" el="25" ec="2" bec="0" bev="0" fileid="3" />
                <SequencePoint vc="1" uspid="26" ordinal="3" sl="26" sc="1" el="26" ec="2" bec="0" bev="0" fileid="3" />
                <SequencePoint vc="1" uspid="28" ordinal="4" sl="28" sc="1" el="28" ec="2" bec="2" bev="1" fileid="3" />
                <SequencePoint vc="0" uspid="29" ordinal="5" sl="29" sc="1" el="29" ec="2" bec="0" bev="0" fileid="3" />
                <SequencePoint vc="0" uspid="30" ordinal="6" sl="30" sc="1" el="30" ec="2" bec="0" bev="0" fileid="3" />
                <SequencePoint vc="0" uspid="31" ordinal="7" sl="31" sc="1" el="31" ec="2" bec="0" bev="0" fileid="3" />
                <SequencePoint vc="1" uspid="35" ordinal="8" sl="35" sc="1" el="35" ec="2" bec="0" bev="0" fileid="3" />
                <SequencePoint vc="1" uspid="37" ordinal="9" sl="37" sc="1" el="37" ec="2" bec="0" bev="0" fileid="3" />
                <SequencePoint vc="1" uspid="38" ordinal="10" sl="38" sc="1" el="38" ec="2" bec="2" bev="1" fileid="3" />
                <SequencePoint vc="0" uspid="39" ordinal="11" sl="39" sc="1" el="39" ec="2" bec="0" bev="0" fileid="3" />
                <SequencePoint vc="0" uspid="40" ordinal="12" sl="40" sc="1" el="40" ec="2" bec="0" bev="0" fileid="3" />
                <SequencePoint vc="0" uspid="41" ordinal="13" sl="41" sc="1" el="41" ec="2" bec="0" bev="0" fileid="3" />
                <SequencePoint vc="1" uspid="45" ordinal="14" sl="45" sc="1" el="45" ec="2" bec="0" bev="0" fileid="3" />
                <SequencePoint vc="1" uspid="48" ordinal="15" sl="48" sc="1" el="48" ec="2" bec="0" bev="0" fileid="3" />
                <SequencePoint vc="1" uspid="50" ordinal="16" sl="50" sc="1" el="50" ec="2" bec="0" bev="0" fileid="3" />
                <SequencePoint vc="1" uspid="51" ordinal="17" sl="51" sc="1" el="51" ec="2" bec="0" bev="0" fileid="3" />
                <SequencePoint vc="0" uspid="52" ordinal="18" sl="52" sc="1" el="52" ec="2" bec="0" bev="0" fileid="3" />
                <SequencePoint vc="0" uspid="53" ordinal="19" sl="53" sc="1" el="53" ec="2" bec="0" bev="0" fileid="3" />
                <SequencePoint vc="0" uspid="54" ordinal="20" sl="54" sc="1" el="54" ec="2" bec="0" bev="0" fileid="3" />
                <SequencePoint vc="0" uspid="55" ordinal="21" sl="55" sc="1" el="55" ec="2" bec="0" bev="0" fileid="3" />
                <SequencePoint vc="1" uspid="57" ordinal="22" sl="57" sc="1" el="57" ec="2" bec="0" bev="0" fileid="3" />
              </SequencePoints>
              <BranchPoints>
                <BranchPoint vc="0" uspid="28" ordinal="0" path="0" offset="128" offsetend="130" sl="28" fileid="3" />
                <BranchPoint vc="3" uspid="28" ordinal="1" path="1" offset="128" offsetend="178" sl="28" fileid="3" />
                <BranchPoint vc="0" uspid="38" ordinal="2" path="0" offset="347" offsetend="349" sl="38" fileid="3" />
                <BranchPoint vc="1" uspid="38" ordinal="3" path="1" offset="347" offsetend="397" sl="38" fileid="3" />
              </BranchPoints>
              <MethodPoint vc="13" uspid="0" p8:type="SequencePoint" ordinal="0" offset="0" sc="0" sl="22" ec="1" el="57" bec="0" bev="0" fileid="3" xmlns:p8="xsi" />
            </Method>
          </Methods>
        </Class>
      </Classes>
    </Module>
    <Module hash="CF17B98B-4319-429E-AC43-5C02C49BA7AA">
      <ModulePath>OrderingSystem.Application.dll</ModulePath>
      <ModuleTime>2026-06-01T09:46:29</ModuleTime>
      <ModuleName>OrderingSystem.Application</ModuleName>
      <Files>
        <File uid="4" fullPath="C:\Users\ecos0\source\ai-test\src\OrderingSystem.Application\DependencyInjection.cs" />
        <File uid="5" fullPath="C:\Users\ecos0\source\ai-test\src\OrderingSystem.Application\Orders\Querys\GetOrders\GetOrdersQuery.cs" />
        <File uid="6" fullPath="C:\Users\ecos0\source\ai-test\src\OrderingSystem.Application\Orders\Querys\GetOrders\GetOrdersQueryHandler.cs" />
        <File uid="7" fullPath="C:\Users\ecos0\source\ai-test\src\OrderingSystem.Application\Orders\Querys\GetOrders\OrderResponse.cs" />
        <File uid="8" fullPath="C:\Users\ecos0\source\ai-test\src\OrderingSystem.Application\Orders\Querys\GetOrderById\GetOrderByIdQuery.cs" />
        <File uid="9" fullPath="C:\Users\ecos0\source\ai-test\src\OrderingSystem.Application\Orders\Querys\GetOrderById\GetOrderByIdQueryHandler.cs" />
        <File uid="10" fullPath="C:\Users\ecos0\source\ai-test\src\OrderingSystem.Application\Orders\Commands\CreateOrder\CreateOrderCommand.cs" />
        <File uid="11" fullPath="C:\Users\ecos0\source\ai-test\src\OrderingSystem.Application\Orders\Commands\CreateOrder\CreateOrderCommandHandler.cs" />
        <File uid="12" fullPath="C:\Users\ecos0\source\ai-test\src\OrderingSystem.Application\Orders\Commands\CreateOrder\CreateOrderCommandValidator.cs" />
        <File uid="13" fullPath="C:\Users\ecos0\source\ai-test\src\OrderingSystem.Application\Abstractions\Data\Behaviors\ValidationBehavior.cs" />
      </Files>
      <Classes>
        <Class>
          <Summary numSequencePoints="11" visitedSequencePoints="11" numBranchPoints="0" visitedBranchPoints="0" sequenceCoverage="100" branchCoverage="100" maxCyclomaticComplexity="1" minCyclomaticComplexity="1" visitedClasses="1" numClasses="1" visitedMethods="1" numMethods="1" />
          <FullName>OrderingSystem.Application.DependencyInjection</FullName>
          <Methods>
            <Method cyclomaticComplexity="1" nPathComplexity="1" sequenceCoverage="100" branchCoverage="100" isConstructor="False" isGetter="False" isSetter="False" isStatic="True">
              <Summary numSequencePoints="11" visitedSequencePoints="11" numBranchPoints="0" visitedBranchPoints="0" sequenceCoverage="100" branchCoverage="100" maxCyclomaticComplexity="1" minCyclomaticComplexity="1" visitedClasses="0" numClasses="0" visitedMethods="1" numMethods="1" />
              <MetadataToken />
              <Name>Microsoft.Extensions.DependencyInjection.IServiceCollection OrderingSystem.Application.DependencyInjection::AddApplication(Microsoft.Extensions.DependencyInjection.IServiceCollection)</Name>
              <FileRef uid="4" />
              <SequencePoints>
                <SequencePoint vc="2" uspid="10" ordinal="0" sl="10" sc="1" el="10" ec="2" bec="0" bev="0" fileid="4" />
                <SequencePoint vc="2" uspid="11" ordinal="1" sl="11" sc="1" el="11" ec="2" bec="0" bev="0" fileid="4" />
                <SequencePoint vc="2" uspid="13" ordinal="2" sl="13" sc="1" el="13" ec="2" bec="0" bev="0" fileid="4" />
                <SequencePoint vc="2" uspid="14" ordinal="3" sl="14" sc="1" el="14" ec="2" bec="0" bev="0" fileid="4" />
                <SequencePoint vc="2" uspid="15" ordinal="4" sl="15" sc="1" el="15" ec="2" bec="0" bev="0" fileid="4" />
                <SequencePoint vc="2" uspid="16" ordinal="5" sl="16" sc="1" el="16" ec="2" bec="0" bev="0" fileid="4" />
                <SequencePoint vc="2" uspid="17" ordinal="6" sl="17" sc="1" el="17" ec="2" bec="0" bev="0" fileid="4" />
                <SequencePoint vc="2" uspid="18" ordinal="7" sl="18" sc="1" el="18" ec="2" bec="0" bev="0" fileid="4" />
                <SequencePoint vc="4" uspid="19" ordinal="8" sl="19" sc="1" el="19" ec="2" bec="0" bev="0" fileid="4" />
                <SequencePoint vc="2" uspid="21" ordinal="9" sl="21" sc="1" el="21" ec="2" bec="0" bev="0" fileid="4" />
                <SequencePoint vc="2" uspid="22" ordinal="10" sl="22" sc="1" el="22" ec="2" bec="0" bev="0" fileid="4" />
              </SequencePoints>
              <BranchPoints />
              <MethodPoint vc="11" uspid="0" p8:type="SequencePoint" ordinal="0" offset="0" sc="0" sl="10" ec="1" el="22" bec="0" bev="0" fileid="4" xmlns:p8="xsi" />
            </Method>
          </Methods>
        </Class>
        <Class>
          <Summary numSequencePoints="1" visitedSequencePoints="0" numBranchPoints="0" visitedBranchPoints="0" sequenceCoverage="0" branchCoverage="100" maxCyclomaticComplexity="1" minCyclomaticComplexity="1" visitedClasses="0" numClasses="1" visitedMethods="0" numMethods="1" />
          <FullName>OrderingSystem.Application.Orders.Queries.GetOrders.GetOrdersQuery</FullName>
          <Methods>
            <Method cyclomaticComplexity="1" nPathComplexity="1" sequenceCoverage="0" branchCoverage="100" isConstructor="True" isGetter="False" isSetter="False" isStatic="True">
              <Summary numSequencePoints="1" visitedSequencePoints="0" numBranchPoints="0" visitedBranchPoints="0" sequenceCoverage="0" branchCoverage="100" maxCyclomaticComplexity="1" minCyclomaticComplexity="1" visitedClasses="0" numClasses="0" visitedMethods="0" numMethods="1" />
              <MetadataToken />
              <Name>System.Void OrderingSystem.Application.Orders.Queries.GetOrders.GetOrdersQuery::.ctor()</Name>
              <FileRef uid="5" />
              <SequencePoints>
                <SequencePoint vc="0" uspid="6" ordinal="0" sl="6" sc="1" el="6" ec="2" bec="0" bev="0" fileid="5" />
              </SequencePoints>
              <BranchPoints />
              <MethodPoint vc="0" uspid="0" p8:type="SequencePoint" ordinal="0" offset="0" sc="0" sl="6" ec="1" el="6" bec="0" bev="0" fileid="5" xmlns:p8="xsi" />
            </Method>
          </Methods>
        </Class>
        <Class>
          <Summary numSequencePoints="6" visitedSequencePoints="0" numBranchPoints="0" visitedBranchPoints="0" sequenceCoverage="0" branchCoverage="100" maxCyclomaticComplexity="1" minCyclomaticComplexity="1" visitedClasses="0" numClasses="1" visitedMethods="0" numMethods="6" />
          <FullName>OrderingSystem.Application.Orders.Queries.GetOrders.OrderResponse</FullName>
          <Methods>
            <Method cyclomaticComplexity="1" nPathComplexity="1" sequenceCoverage="0" branchCoverage="100" isConstructor="False" isGetter="True" isSetter="False" isStatic="True">
              <Summary numSequencePoints="1" visitedSequencePoints="0" numBranchPoints="0" visitedBranchPoints="0" sequenceCoverage="0" branchCoverage="100" maxCyclomaticComplexity="1" minCyclomaticComplexity="1" visitedClasses="0" numClasses="0" visitedMethods="0" numMethods="1" />
              <MetadataToken />
              <Name>System.Guid OrderingSystem.Application.Orders.Queries.GetOrders.OrderResponse::get_Id()</Name>
              <FileRef uid="5" />
              <SequencePoints>
                <SequencePoint vc="0" uspid="10" ordinal="0" sl="10" sc="1" el="10" ec="2" bec="0" bev="0" fileid="5" />
              </SequencePoints>
              <BranchPoints />
              <MethodPoint vc="0" uspid="0" p8:type="SequencePoint" ordinal="0" offset="0" sc="0" sl="10" ec="1" el="10" bec="0" bev="0" fileid="5" xmlns:p8="xsi" />
            </Method>
            <Method cyclomaticComplexity="1" nPathComplexity="1" sequenceCoverage="0" branchCoverage="100" isConstructor="False" isGetter="True" isSetter="False" isStatic="True">
              <Summary numSequencePoints="1" visitedSequencePoints="0" numBranchPoints="0" visitedBranchPoints="0" sequenceCoverage="0" branchCoverage="100" maxCyclomaticComplexity="1" minCyclomaticComplexity="1" visitedClasses="0" numClasses="0" visitedMethods="0" numMethods="1" />
              <MetadataToken />
              <Name>System.String OrderingSystem.Application.Orders.Queries.GetOrders.OrderResponse::get_CustomerName()</Name>
              <FileRef uid="5" />
              <SequencePoints>
                <SequencePoint vc="0" uspid="11" ordinal="0" sl="11" sc="1" el="11" ec="2" bec="0" bev="0" fileid="5" />
              </SequencePoints>
              <BranchPoints />
              <MethodPoint vc="0" uspid="0" p8:type="SequencePoint" ordinal="1" offset="1" sc="0" sl="11" ec="1" el="11" bec="0" bev="0" fileid="5" xmlns:p8="xsi" />
            </Method>
            <Method cyclomaticComplexity="1" nPathComplexity="1" sequenceCoverage="0" branchCoverage="100" isConstructor="False" isGetter="True" isSetter="False" isStatic="True">
              <Summary numSequencePoints="1" visitedSequencePoints="0" numBranchPoints="0" visitedBranchPoints="0" sequenceCoverage="0" branchCoverage="100" maxCyclomaticComplexity="1" minCyclomaticComplexity="1" visitedClasses="0" numClasses="0" visitedMethods="0" numMethods="1" />
              <MetadataToken />
              <Name>System.Decimal OrderingSystem.Application.Orders.Queries.GetOrders.OrderResponse::get_TotalAmount()</Name>
              <FileRef uid="5" />
              <SequencePoints>
                <SequencePoint vc="0" uspid="12" ordinal="0" sl="12" sc="1" el="12" ec="2" bec="0" bev="0" fileid="5" />
              </SequencePoints>
              <BranchPoints />
              <MethodPoint vc="0" uspid="0" p8:type="SequencePoint" ordinal="2" offset="2" sc="0" sl="12" ec="1" el="12" bec="0" bev="0" fileid="5" xmlns:p8="xsi" />
            </Method>
            <Method cyclomaticComplexity="1" nPathComplexity="1" sequenceCoverage="0" branchCoverage="100" isConstructor="False" isGetter="True" isSetter="False" isStatic="True">
              <Summary numSequencePoints="1" visitedSequencePoints="0" numBranchPoints="0" visitedBranchPoints="0" sequenceCoverage="0" branchCoverage="100" maxCyclomaticComplexity="1" minCyclomaticComplexity="1" visitedClasses="0" numClasses="0" visitedMethods="0" numMethods="1" />
              <MetadataToken />
              <Name>System.DateTime OrderingSystem.Application.Orders.Queries.GetOrders.OrderResponse::get_OrderDate()</Name>
              <FileRef uid="5" />
              <SequencePoints>
                <SequencePoint vc="0" uspid="13" ordinal="0" sl="13" sc="1" el="13" ec="2" bec="0" bev="0" fileid="5" />
              </SequencePoints>
              <BranchPoints />
              <MethodPoint vc="0" uspid="0" p8:type="SequencePoint" ordinal="3" offset="3" sc="0" sl="13" ec="1" el="13" bec="0" bev="0" fileid="5" xmlns:p8="xsi" />
            </Method>
            <Method cyclomaticComplexity="1" nPathComplexity="1" sequenceCoverage="0" branchCoverage="100" isConstructor="False" isGetter="True" isSetter="False" isStatic="True">
              <Summary numSequencePoints="1" visitedSequencePoints="0" numBranchPoints="0" visitedBranchPoints="0" sequenceCoverage="0" branchCoverage="100" maxCyclomaticComplexity="1" minCyclomaticComplexity="1" visitedClasses="0" numClasses="0" visitedMethods="0" numMethods="1" />
              <MetadataToken />
              <Name>System.Int32 OrderingSystem.Application.Orders.Queries.GetOrders.OrderResponse::get_Status()</Name>
              <FileRef uid="5" />
              <SequencePoints>
                <SequencePoint vc="0" uspid="14" ordinal="0" sl="14" sc="1" el="14" ec="2" bec="0" bev="0" fileid="5" />
              </SequencePoints>
              <BranchPoints />
              <MethodPoint vc="0" uspid="0" p8:type="SequencePoint" ordinal="4" offset="4" sc="0" sl="14" ec="1" el="14" bec="0" bev="0" fileid="5" xmlns:p8="xsi" />
            </Method>
            <Method cyclomaticComplexity="1" nPathComplexity="1" sequenceCoverage="0" branchCoverage="100" isConstructor="True" isGetter="False" isSetter="False" isStatic="True">
              <Summary numSequencePoints="1" visitedSequencePoints="0" numBranchPoints="0" visitedBranchPoints="0" sequenceCoverage="0" branchCoverage="100" maxCyclomaticComplexity="1" minCyclomaticComplexity="1" visitedClasses="0" numClasses="0" visitedMethods="0" numMethods="1" />
              <MetadataToken />
              <Name>System.Void OrderingSystem.Application.Orders.Queries.GetOrders.OrderResponse::.ctor(System.Guid,System.String,System.Decimal,System.DateTime,System.Int32)</Name>
              <FileRef uid="5" />
              <SequencePoints>
                <SequencePoint vc="0" uspid="9" ordinal="0" sl="9" sc="1" el="9" ec="2" bec="0" bev="0" fileid="5" />
              </SequencePoints>
              <BranchPoints />
              <MethodPoint vc="0" uspid="0" p8:type="SequencePoint" ordinal="5" offset="5" sc="0" sl="9" ec="1" el="9" bec="0" bev="0" fileid="5" xmlns:p8="xsi" />
            </Method>
          </Methods>
        </Class>
        <Class>
          <Summary numSequencePoints="2" visitedSequencePoints="0" numBranchPoints="0" visitedBranchPoints="0" sequenceCoverage="0" branchCoverage="100" maxCyclomaticComplexity="1" minCyclomaticComplexity="1" visitedClasses="0" numClasses="1" visitedMethods="0" numMethods="1" />
          <FullName>OrderingSystem.Application.Orders.Queries.GetOrders.GetOrdersQueryHandler</FullName>
          <Methods>
            <Method cyclomaticComplexity="1" nPathComplexity="1" sequenceCoverage="0" branchCoverage="100" isConstructor="True" isGetter="False" isSetter="False" isStatic="True">
              <Summary numSequencePoints="2" visitedSequencePoints="0" numBranchPoints="0" visitedBranchPoints="0" sequenceCoverage="0" branchCoverage="100" maxCyclomaticComplexity="1" minCyclomaticComplexity="1" visitedClasses="0" numClasses="0" visitedMethods="0" numMethods="1" />
              <MetadataToken />
              <Name>System.Void OrderingSystem.Application.Orders.Queries.GetOrders.GetOrdersQueryHandler::.ctor(OrderingSystem.Application.Abstractions.Data.IApplicationDbContext)</Name>
              <FileRef uid="6" />
              <SequencePoints>
                <SequencePoint vc="0" uspid="7" ordinal="0" sl="7" sc="1" el="7" ec="2" bec="0" bev="0" fileid="6" />
                <SequencePoint vc="0" uspid="10" ordinal="1" sl="10" sc="1" el="10" ec="2" bec="0" bev="0" fileid="6" />
              </SequencePoints>
              <BranchPoints />
              <MethodPoint vc="0" uspid="0" p8:type="SequencePoint" ordinal="0" offset="0" sc="0" sl="7" ec="1" el="10" bec="0" bev="0" fileid="6" xmlns:p8="xsi" />
            </Method>
          </Methods>
        </Class>
        <Class>
          <Summary numSequencePoints="6" visitedSequencePoints="0" numBranchPoints="0" visitedBranchPoints="0" sequenceCoverage="0" branchCoverage="100" maxCyclomaticComplexity="1" minCyclomaticComplexity="1" visitedClasses="0" numClasses="1" visitedMethods="0" numMethods="1" />
          <FullName>OrderingSystem.Application.Orders.Queries.GetOrders.GetOrdersQueryHandler/&lt;&gt;c</FullName>
          <Methods>
            <Method cyclomaticComplexity="1" nPathComplexity="1" sequenceCoverage="0" branchCoverage="100" isConstructor="False" isGetter="False" isSetter="False" isStatic="True">
              <Summary numSequencePoints="6" visitedSequencePoints="0" numBranchPoints="0" visitedBranchPoints="0" sequenceCoverage="0" branchCoverage="100" maxCyclomaticComplexity="1" minCyclomaticComplexity="1" visitedClasses="0" numClasses="0" visitedMethods="0" numMethods="1" />
              <MetadataToken />
              <Name>OrderingSystem.Application.Orders.Queries.GetOrders.OrderResponse OrderingSystem.Application.Orders.Queries.GetOrders.GetOrdersQueryHandler/&lt;&gt;c::&lt;Handle&gt;b__2_0(OrderingSystem.Domain.Entities.Order)</Name>
              <FileRef uid="6" />
              <SequencePoints>
                <SequencePoint vc="0" uspid="22" ordinal="0" sl="22" sc="1" el="22" ec="2" bec="0" bev="0" fileid="6" />
                <SequencePoint vc="0" uspid="23" ordinal="1" sl="23" sc="1" el="23" ec="2" bec="0" bev="0" fileid="6" />
                <SequencePoint vc="0" uspid="24" ordinal="2" sl="24" sc="1" el="24" ec="2" bec="0" bev="0" fileid="6" />
                <SequencePoint vc="0" uspid="25" ordinal="3" sl="25" sc="1" el="25" ec="2" bec="0" bev="0" fileid="6" />
                <SequencePoint vc="0" uspid="26" ordinal="4" sl="26" sc="1" el="26" ec="2" bec="0" bev="0" fileid="6" />
                <SequencePoint vc="0" uspid="27" ordinal="5" sl="27" sc="1" el="27" ec="2" bec="0" bev="0" fileid="6" />
              </SequencePoints>
              <BranchPoints />
              <MethodPoint vc="0" uspid="0" p8:type="SequencePoint" ordinal="0" offset="0" sc="0" sl="22" ec="1" el="27" bec="0" bev="0" fileid="6" xmlns:p8="xsi" />
            </Method>
          </Methods>
        </Class>
        <Class>
          <Summary numSequencePoints="6" visitedSequencePoints="0" numBranchPoints="0" visitedBranchPoints="0" sequenceCoverage="0" branchCoverage="100" maxCyclomaticComplexity="1" minCyclomaticComplexity="1" visitedClasses="0" numClasses="1" visitedMethods="0" numMethods="1" />
          <FullName>OrderingSystem.Application.Orders.Queries.GetOrders.GetOrdersQueryHandler/&lt;Handle&gt;d__2</FullName>
          <Methods>
            <Method cyclomaticComplexity="1" nPathComplexity="1" sequenceCoverage="0" branchCoverage="100" isConstructor="False" isGetter="False" isSetter="False" isStatic="True">
              <Summary numSequencePoints="6" visitedSequencePoints="0" numBranchPoints="0" visitedBranchPoints="0" sequenceCoverage="0" branchCoverage="100" maxCyclomaticComplexity="1" minCyclomaticComplexity="1" visitedClasses="0" numClasses="0" visitedMethods="0" numMethods="1" />
              <MetadataToken />
              <Name>System.Void OrderingSystem.Application.Orders.Queries.GetOrders.GetOrdersQueryHandler/&lt;Handle&gt;d__2::MoveNext()</Name>
              <FileRef uid="6" />
              <SequencePoints>
                <SequencePoint vc="0" uspid="15" ordinal="0" sl="15" sc="1" el="15" ec="2" bec="0" bev="0" fileid="6" />
                <SequencePoint vc="0" uspid="17" ordinal="1" sl="17" sc="1" el="17" ec="2" bec="0" bev="0" fileid="6" />
                <SequencePoint vc="0" uspid="18" ordinal="2" sl="18" sc="1" el="18" ec="2" bec="0" bev="0" fileid="6" />
                <SequencePoint vc="0" uspid="19" ordinal="3" sl="19" sc="1" el="19" ec="2" bec="0" bev="0" fileid="6" />
                <SequencePoint vc="0" uspid="28" ordinal="4" sl="28" sc="1" el="28" ec="2" bec="0" bev="0" fileid="6" />
                <SequencePoint vc="0" uspid="29" ordinal="5" sl="29" sc="1" el="29" ec="2" bec="0" bev="0" fileid="6" />
              </SequencePoints>
              <BranchPoints />
              <MethodPoint vc="0" uspid="0" p8:type="SequencePoint" ordinal="0" offset="0" sc="0" sl="15" ec="1" el="29" bec="0" bev="0" fileid="6" xmlns:p8="xsi" />
            </Method>
          </Methods>
        </Class>
        <Class>
          <Summary numSequencePoints="6" visitedSequencePoints="0" numBranchPoints="0" visitedBranchPoints="0" sequenceCoverage="0" branchCoverage="100" maxCyclomaticComplexity="1" minCyclomaticComplexity="1" visitedClasses="0" numClasses="1" visitedMethods="0" numMethods="6" />
          <FullName>OrderingSystem.Application.Orders.Querys.GetOrders.OrderResponse</FullName>
          <Methods>
            <Method cyclomaticComplexity="1" nPathComplexity="1" sequenceCoverage="0" branchCoverage="100" isConstructor="False" isGetter="True" isSetter="False" isStatic="True">
              <Summary numSequencePoints="1" visitedSequencePoints="0" numBranchPoints="0" visitedBranchPoints="0" sequenceCoverage="0" branchCoverage="100" maxCyclomaticComplexity="1" minCyclomaticComplexity="1" visitedClasses="0" numClasses="0" visitedMethods="0" numMethods="1" />
              <MetadataToken />
              <Name>System.Guid OrderingSystem.Application.Orders.Querys.GetOrders.OrderResponse::get_Id()</Name>
              <FileRef uid="7" />
              <SequencePoints>
                <SequencePoint vc="0" uspid="4" ordinal="0" sl="4" sc="1" el="4" ec="2" bec="0" bev="0" fileid="7" />
              </SequencePoints>
              <BranchPoints />
              <MethodPoint vc="0" uspid="0" p8:type="SequencePoint" ordinal="0" offset="0" sc="0" sl="4" ec="1" el="4" bec="0" bev="0" fileid="7" xmlns:p8="xsi" />
            </Method>
            <Method cyclomaticComplexity="1" nPathComplexity="1" sequenceCoverage="0" branchCoverage="100" isConstructor="False" isGetter="True" isSetter="False" isStatic="True">
              <Summary numSequencePoints="1" visitedSequencePoints="0" numBranchPoints="0" visitedBranchPoints="0" sequenceCoverage="0" branchCoverage="100" maxCyclomaticComplexity="1" minCyclomaticComplexity="1" visitedClasses="0" numClasses="0" visitedMethods="0" numMethods="1" />
              <MetadataToken />
              <Name>System.String OrderingSystem.Application.Orders.Querys.GetOrders.OrderResponse::get_CustomerName()</Name>
              <FileRef uid="7" />
              <SequencePoints>
                <SequencePoint vc="0" uspid="5" ordinal="0" sl="5" sc="1" el="5" ec="2" bec="0" bev="0" fileid="7" />
              </SequencePoints>
              <BranchPoints />
              <MethodPoint vc="0" uspid="0" p8:type="SequencePoint" ordinal="1" offset="1" sc="0" sl="5" ec="1" el="5" bec="0" bev="0" fileid="7" xmlns:p8="xsi" />
            </Method>
            <Method cyclomaticComplexity="1" nPathComplexity="1" sequenceCoverage="0" branchCoverage="100" isConstructor="False" isGetter="True" isSetter="False" isStatic="True">
              <Summary numSequencePoints="1" visitedSequencePoints="0" numBranchPoints="0" visitedBranchPoints="0" sequenceCoverage="0" branchCoverage="100" maxCyclomaticComplexity="1" minCyclomaticComplexity="1" visitedClasses="0" numClasses="0" visitedMethods="0" numMethods="1" />
              <MetadataToken />
              <Name>System.Decimal OrderingSystem.Application.Orders.Querys.GetOrders.OrderResponse::get_TotalAmount()</Name>
              <FileRef uid="7" />
              <SequencePoints>
                <SequencePoint vc="0" uspid="6" ordinal="0" sl="6" sc="1" el="6" ec="2" bec="0" bev="0" fileid="7" />
              </SequencePoints>
              <BranchPoints />
              <MethodPoint vc="0" uspid="0" p8:type="SequencePoint" ordinal="2" offset="2" sc="0" sl="6" ec="1" el="6" bec="0" bev="0" fileid="7" xmlns:p8="xsi" />
            </Method>
            <Method cyclomaticComplexity="1" nPathComplexity="1" sequenceCoverage="0" branchCoverage="100" isConstructor="False" isGetter="True" isSetter="False" isStatic="True">
              <Summary numSequencePoints="1" visitedSequencePoints="0" numBranchPoints="0" visitedBranchPoints="0" sequenceCoverage="0" branchCoverage="100" maxCyclomaticComplexity="1" minCyclomaticComplexity="1" visitedClasses="0" numClasses="0" visitedMethods="0" numMethods="1" />
              <MetadataToken />
              <Name>System.DateTime OrderingSystem.Application.Orders.Querys.GetOrders.OrderResponse::get_OrderDate()</Name>
              <FileRef uid="7" />
              <SequencePoints>
                <SequencePoint vc="0" uspid="7" ordinal="0" sl="7" sc="1" el="7" ec="2" bec="0" bev="0" fileid="7" />
              </SequencePoints>
              <BranchPoints />
              <MethodPoint vc="0" uspid="0" p8:type="SequencePoint" ordinal="3" offset="3" sc="0" sl="7" ec="1" el="7" bec="0" bev="0" fileid="7" xmlns:p8="xsi" />
            </Method>
            <Method cyclomaticComplexity="1" nPathComplexity="1" sequenceCoverage="0" branchCoverage="100" isConstructor="False" isGetter="True" isSetter="False" isStatic="True">
              <Summary numSequencePoints="1" visitedSequencePoints="0" numBranchPoints="0" visitedBranchPoints="0" sequenceCoverage="0" branchCoverage="100" maxCyclomaticComplexity="1" minCyclomaticComplexity="1" visitedClasses="0" numClasses="0" visitedMethods="0" numMethods="1" />
              <MetadataToken />
              <Name>System.Int32 OrderingSystem.Application.Orders.Querys.GetOrders.OrderResponse::get_Status()</Name>
              <FileRef uid="7" />
              <SequencePoints>
                <SequencePoint vc="0" uspid="8" ordinal="0" sl="8" sc="1" el="8" ec="2" bec="0" bev="0" fileid="7" />
              </SequencePoints>
              <BranchPoints />
              <MethodPoint vc="0" uspid="0" p8:type="SequencePoint" ordinal="4" offset="4" sc="0" sl="8" ec="1" el="8" bec="0" bev="0" fileid="7" xmlns:p8="xsi" />
            </Method>
            <Method cyclomaticComplexity="1" nPathComplexity="1" sequenceCoverage="0" branchCoverage="100" isConstructor="True" isGetter="False" isSetter="False" isStatic="True">
              <Summary numSequencePoints="1" visitedSequencePoints="0" numBranchPoints="0" visitedBranchPoints="0" sequenceCoverage="0" branchCoverage="100" maxCyclomaticComplexity="1" minCyclomaticComplexity="1" visitedClasses="0" numClasses="0" visitedMethods="0" numMethods="1" />
              <MetadataToken />
              <Name>System.Void OrderingSystem.Application.Orders.Querys.GetOrders.OrderResponse::.ctor(System.Guid,System.String,System.Decimal,System.DateTime,System.Int32)</Name>
              <FileRef uid="7" />
              <SequencePoints>
                <SequencePoint vc="0" uspid="3" ordinal="0" sl="3" sc="1" el="3" ec="2" bec="0" bev="0" fileid="7" />
              </SequencePoints>
              <BranchPoints />
              <MethodPoint vc="0" uspid="0" p8:type="SequencePoint" ordinal="5" offset="5" sc="0" sl="3" ec="1" el="3" bec="0" bev="0" fileid="7" xmlns:p8="xsi" />
            </Method>
          </Methods>
        </Class>
        <Class>
          <Summary numSequencePoints="1" visitedSequencePoints="0" numBranchPoints="0" visitedBranchPoints="0" sequenceCoverage="0" branchCoverage="100" maxCyclomaticComplexity="1" minCyclomaticComplexity="1" visitedClasses="0" numClasses="1" visitedMethods="0" numMethods="1" />
          <FullName>OrderingSystem.Application.Orders.Querys.GetOrderById.GetOrderByIdQuery</FullName>
          <Methods>
            <Method cyclomaticComplexity="1" nPathComplexity="1" sequenceCoverage="0" branchCoverage="100" isConstructor="False" isGetter="True" isSetter="False" isStatic="True">
              <Summary numSequencePoints="1" visitedSequencePoints="0" numBranchPoints="0" visitedBranchPoints="0" sequenceCoverage="0" branchCoverage="100" maxCyclomaticComplexity="1" minCyclomaticComplexity="1" visitedClasses="0" numClasses="0" visitedMethods="0" numMethods="1" />
              <MetadataToken />
              <Name>System.Guid OrderingSystem.Application.Orders.Querys.GetOrderById.GetOrderByIdQuery::get_Id()</Name>
              <FileRef uid="8" />
              <SequencePoints>
                <SequencePoint vc="0" uspid="6" ordinal="0" sl="6" sc="1" el="6" ec="2" bec="0" bev="0" fileid="8" />
              </SequencePoints>
              <BranchPoints />
              <MethodPoint vc="0" uspid="0" p8:type="SequencePoint" ordinal="0" offset="0" sc="0" sl="6" ec="1" el="6" bec="0" bev="0" fileid="8" xmlns:p8="xsi" />
            </Method>
          </Methods>
        </Class>
        <Class>
          <Summary numSequencePoints="1" visitedSequencePoints="0" numBranchPoints="0" visitedBranchPoints="0" sequenceCoverage="0" branchCoverage="100" maxCyclomaticComplexity="1" minCyclomaticComplexity="1" visitedClasses="0" numClasses="1" visitedMethods="0" numMethods="1" />
          <FullName>OrderingSystem.Application.Orders.Querys.GetOrderById.GetOrderByIdQueryHandler</FullName>
          <Methods>
            <Method cyclomaticComplexity="1" nPathComplexity="1" sequenceCoverage="0" branchCoverage="100" isConstructor="True" isGetter="False" isSetter="False" isStatic="True">
              <Summary numSequencePoints="1" visitedSequencePoints="0" numBranchPoints="0" visitedBranchPoints="0" sequenceCoverage="0" branchCoverage="100" maxCyclomaticComplexity="1" minCyclomaticComplexity="1" visitedClasses="0" numClasses="0" visitedMethods="0" numMethods="1" />
              <MetadataToken />
              <Name>System.Void OrderingSystem.Application.Orders.Querys.GetOrderById.GetOrderByIdQueryHandler::.ctor(OrderingSystem.Domain.Repositories.IOrderRepository)</Name>
              <FileRef uid="9" />
              <SequencePoints>
                <SequencePoint vc="0" uspid="7" ordinal="0" sl="7" sc="1" el="7" ec="2" bec="0" bev="0" fileid="9" />
              </SequencePoints>
              <BranchPoints />
              <MethodPoint vc="0" uspid="0" p8:type="SequencePoint" ordinal="0" offset="0" sc="0" sl="7" ec="1" el="7" bec="0" bev="0" fileid="9" xmlns:p8="xsi" />
            </Method>
          </Methods>
        </Class>
        <Class>
          <Summary numSequencePoints="3" visitedSequencePoints="0" numBranchPoints="0" visitedBranchPoints="0" sequenceCoverage="0" branchCoverage="100" maxCyclomaticComplexity="1" minCyclomaticComplexity="1" visitedClasses="0" numClasses="1" visitedMethods="0" numMethods="1" />
          <FullName>OrderingSystem.Application.Orders.Querys.GetOrderById.GetOrderByIdQueryHandler/&lt;Handle&gt;d__2</FullName>
          <Methods>
            <Method cyclomaticComplexity="1" nPathComplexity="1" sequenceCoverage="0" branchCoverage="100" isConstructor="False" isGetter="False" isSetter="False" isStatic="True">
              <Summary numSequencePoints="3" visitedSequencePoints="0" numBranchPoints="0" visitedBranchPoints="0" sequenceCoverage="0" branchCoverage="100" maxCyclomaticComplexity="1" minCyclomaticComplexity="1" visitedClasses="0" numClasses="0" visitedMethods="0" numMethods="1" />
              <MetadataToken />
              <Name>System.Void OrderingSystem.Application.Orders.Querys.GetOrderById.GetOrderByIdQueryHandler/&lt;Handle&gt;d__2::MoveNext()</Name>
              <FileRef uid="9" />
              <SequencePoints>
                <SequencePoint vc="0" uspid="11" ordinal="0" sl="11" sc="1" el="11" ec="2" bec="0" bev="0" fileid="9" />
                <SequencePoint vc="0" uspid="12" ordinal="1" sl="12" sc="1" el="12" ec="2" bec="0" bev="0" fileid="9" />
                <SequencePoint vc="0" uspid="13" ordinal="2" sl="13" sc="1" el="13" ec="2" bec="0" bev="0" fileid="9" />
              </SequencePoints>
              <BranchPoints />
              <MethodPoint vc="0" uspid="0" p8:type="SequencePoint" ordinal="0" offset="0" sc="0" sl="11" ec="1" el="13" bec="0" bev="0" fileid="9" xmlns:p8="xsi" />
            </Method>
          </Methods>
        </Class>
        <Class>
          <Summary numSequencePoints="3" visitedSequencePoints="3" numBranchPoints="0" visitedBranchPoints="0" sequenceCoverage="100" branchCoverage="100" maxCyclomaticComplexity="1" minCyclomaticComplexity="1" visitedClasses="1" numClasses="1" visitedMethods="3" numMethods="3" />
          <FullName>OrderingSystem.Application.Orders.Commands.CreateOrder.CreateOrderCommand</FullName>
          <Methods>
            <Method cyclomaticComplexity="1" nPathComplexity="1" sequenceCoverage="100" branchCoverage="100" isConstructor="False" isGetter="True" isSetter="False" isStatic="True">
              <Summary numSequencePoints="1" visitedSequencePoints="1" numBranchPoints="0" visitedBranchPoints="0" sequenceCoverage="100" branchCoverage="100" maxCyclomaticComplexity="1" minCyclomaticComplexity="1" visitedClasses="0" numClasses="0" visitedMethods="1" numMethods="1" />
              <MetadataToken />
              <Name>System.String OrderingSystem.Application.Orders.Commands.CreateOrder.CreateOrderCommand::get_CustomerName()</Name>
              <FileRef uid="10" />
              <SequencePoints>
                <SequencePoint vc="4" uspid="8" ordinal="0" sl="8" sc="1" el="8" ec="2" bec="0" bev="0" fileid="10" />
              </SequencePoints>
              <BranchPoints />
              <MethodPoint vc="1" uspid="0" p8:type="SequencePoint" ordinal="0" offset="0" sc="0" sl="8" ec="1" el="8" bec="0" bev="0" fileid="10" xmlns:p8="xsi" />
            </Method>
            <Method cyclomaticComplexity="1" nPathComplexity="1" sequenceCoverage="100" branchCoverage="100" isConstructor="False" isGetter="True" isSetter="False" isStatic="True">
              <Summary numSequencePoints="1" visitedSequencePoints="1" numBranchPoints="0" visitedBranchPoints="0" sequenceCoverage="100" branchCoverage="100" maxCyclomaticComplexity="1" minCyclomaticComplexity="1" visitedClasses="0" numClasses="0" visitedMethods="1" numMethods="1" />
              <MetadataToken />
              <Name>System.Collections.Generic.List`1&lt;OrderingSystem.Application.Orders.Commands.CreateOrder.OrderItemCommandDto&gt; OrderingSystem.Application.Orders.Commands.CreateOrder.CreateOrderCommand::get_Items()</Name>
              <FileRef uid="10" />
              <SequencePoints>
                <SequencePoint vc="5" uspid="9" ordinal="0" sl="9" sc="1" el="9" ec="2" bec="0" bev="0" fileid="10" />
              </SequencePoints>
              <BranchPoints />
              <MethodPoint vc="1" uspid="0" p8:type="SequencePoint" ordinal="1" offset="1" sc="0" sl="9" ec="1" el="9" bec="0" bev="0" fileid="10" xmlns:p8="xsi" />
            </Method>
            <Method cyclomaticComplexity="1" nPathComplexity="1" sequenceCoverage="100" branchCoverage="100" isConstructor="True" isGetter="False" isSetter="False" isStatic="True">
              <Summary numSequencePoints="1" visitedSequencePoints="1" numBranchPoints="0" visitedBranchPoints="0" sequenceCoverage="100" branchCoverage="100" maxCyclomaticComplexity="1" minCyclomaticComplexity="1" visitedClasses="0" numClasses="0" visitedMethods="1" numMethods="1" />
              <MetadataToken />
              <Name>System.Void OrderingSystem.Application.Orders.Commands.CreateOrder.CreateOrderCommand::.ctor(System.String,System.Collections.Generic.List`1&lt;OrderingSystem.Application.Orders.Commands.CreateOrder.OrderItemCommandDto&gt;)</Name>
              <FileRef uid="10" />
              <SequencePoints>
                <SequencePoint vc="1" uspid="7" ordinal="0" sl="7" sc="1" el="7" ec="2" bec="0" bev="0" fileid="10" />
              </SequencePoints>
              <BranchPoints />
              <MethodPoint vc="1" uspid="0" p8:type="SequencePoint" ordinal="2" offset="2" sc="0" sl="7" ec="1" el="7" bec="0" bev="0" fileid="10" xmlns:p8="xsi" />
            </Method>
          </Methods>
        </Class>
        <Class>
          <Summary numSequencePoints="1" visitedSequencePoints="1" numBranchPoints="0" visitedBranchPoints="0" sequenceCoverage="100" branchCoverage="100" maxCyclomaticComplexity="1" minCyclomaticComplexity="1" visitedClasses="1" numClasses="1" visitedMethods="1" numMethods="1" />
          <FullName>OrderingSystem.Application.Orders.Commands.CreateOrder.OrderItemCommandDto</FullName>
          <Methods>
            <Method cyclomaticComplexity="1" nPathComplexity="1" sequenceCoverage="100" branchCoverage="100" isConstructor="False" isGetter="True" isSetter="False" isStatic="True">
              <Summary numSequencePoints="1" visitedSequencePoints="1" numBranchPoints="0" visitedBranchPoints="0" sequenceCoverage="100" branchCoverage="100" maxCyclomaticComplexity="1" minCyclomaticComplexity="1" visitedClasses="0" numClasses="0" visitedMethods="1" numMethods="1" />
              <MetadataToken />
              <Name>System.String OrderingSystem.Application.Orders.Commands.CreateOrder.OrderItemCommandDto::get_Product()</Name>
              <FileRef uid="10" />
              <SequencePoints>
                <SequencePoint vc="10" uspid="11" ordinal="0" sl="11" sc="1" el="11" ec="2" bec="0" bev="0" fileid="10" />
              </SequencePoints>
              <BranchPoints />
              <MethodPoint vc="1" uspid="0" p8:type="SequencePoint" ordinal="0" offset="0" sc="0" sl="11" ec="1" el="11" bec="0" bev="0" fileid="10" xmlns:p8="xsi" />
            </Method>
          </Methods>
        </Class>
        <Class>
          <Summary numSequencePoints="11" visitedSequencePoints="11" numBranchPoints="0" visitedBranchPoints="0" sequenceCoverage="100" branchCoverage="100" maxCyclomaticComplexity="1" minCyclomaticComplexity="1" visitedClasses="1" numClasses="1" visitedMethods="1" numMethods="1" />
          <FullName>OrderingSystem.Application.Orders.Commands.CreateOrder.CreateOrderCommandHandler</FullName>
          <Methods>
            <Method cyclomaticComplexity="1" nPathComplexity="1" sequenceCoverage="100" branchCoverage="100" isConstructor="True" isGetter="False" isSetter="False" isStatic="True">
              <Summary numSequencePoints="11" visitedSequencePoints="11" numBranchPoints="0" visitedBranchPoints="0" sequenceCoverage="100" branchCoverage="100" maxCyclomaticComplexity="1" minCyclomaticComplexity="1" visitedClasses="0" numClasses="0" visitedMethods="1" numMethods="1" />
              <MetadataToken />
              <Name>System.Void OrderingSystem.Application.Orders.Commands.CreateOrder.CreateOrderCommandHandler::.ctor(OrderingSystem.Application.Abstractions.Data.IApplicationDbContext,OrderingSystem.Domain.Repositories.IOrderRepository,MassTransit.IPublishEndpoint,Microsoft.Extensions.Logging.ILogger`1&lt;OrderingSystem.Application.Orders.Commands.CreateOrder.CreateOrderCommandHandler&gt;)</Name>
              <FileRef uid="11" />
              <SequencePoints>
                <SequencePoint vc="1" uspid="18" ordinal="0" sl="18" sc="1" el="18" ec="2" bec="0" bev="0" fileid="11" />
                <SequencePoint vc="1" uspid="19" ordinal="1" sl="19" sc="1" el="19" ec="2" bec="0" bev="0" fileid="11" />
                <SequencePoint vc="1" uspid="20" ordinal="2" sl="20" sc="1" el="20" ec="2" bec="0" bev="0" fileid="11" />
                <SequencePoint vc="1" uspid="21" ordinal="3" sl="21" sc="1" el="21" ec="2" bec="0" bev="0" fileid="11" />
                <SequencePoint vc="1" uspid="22" ordinal="4" sl="22" sc="1" el="22" ec="2" bec="0" bev="0" fileid="11" />
                <SequencePoint vc="1" uspid="23" ordinal="5" sl="23" sc="1" el="23" ec="2" bec="0" bev="0" fileid="11" />
                <SequencePoint vc="1" uspid="24" ordinal="6" sl="24" sc="1" el="24" ec="2" bec="0" bev="0" fileid="11" />
                <SequencePoint vc="1" uspid="25" ordinal="7" sl="25" sc="1" el="25" ec="2" bec="0" bev="0" fileid="11" />
                <SequencePoint vc="1" uspid="26" ordinal="8" sl="26" sc="1" el="26" ec="2" bec="0" bev="0" fileid="11" />
                <SequencePoint vc="1" uspid="27" ordinal="9" sl="27" sc="1" el="27" ec="2" bec="0" bev="0" fileid="11" />
                <SequencePoint vc="1" uspid="28" ordinal="10" sl="28" sc="1" el="28" ec="2" bec="0" bev="0" fileid="11" />
              </SequencePoints>
              <BranchPoints />
              <MethodPoint vc="11" uspid="0" p8:type="SequencePoint" ordinal="0" offset="0" sc="0" sl="18" ec="1" el="28" bec="0" bev="0" fileid="11" xmlns:p8="xsi" />
            </Method>
          </Methods>
        </Class>
        <Class>
          <Summary numSequencePoints="1" visitedSequencePoints="1" numBranchPoints="0" visitedBranchPoints="0" sequenceCoverage="100" branchCoverage="100" maxCyclomaticComplexity="1" minCyclomaticComplexity="1" visitedClasses="1" numClasses="1" visitedMethods="1" numMethods="1" />
          <FullName>OrderingSystem.Application.Orders.Commands.CreateOrder.CreateOrderCommandHandler/&lt;&gt;c</FullName>
          <Methods>
            <Method cyclomaticComplexity="1" nPathComplexity="1" sequenceCoverage="100" branchCoverage="100" isConstructor="False" isGetter="False" isSetter="False" isStatic="True">
              <Summary numSequencePoints="1" visitedSequencePoints="1" numBranchPoints="0" visitedBranchPoints="0" sequenceCoverage="100" branchCoverage="100" maxCyclomaticComplexity="1" minCyclomaticComplexity="1" visitedClasses="0" numClasses="0" visitedMethods="1" numMethods="1" />
              <MetadataToken />
              <Name>OrderingSystem.Shared.OrderItemDto OrderingSystem.Application.Orders.Commands.CreateOrder.CreateOrderCommandHandler/&lt;&gt;c::&lt;Handle&gt;b__5_0(OrderingSystem.Domain.Entities.OrderItem)</Name>
              <FileRef uid="11" />
              <SequencePoints>
                <SequencePoint vc="1" uspid="53" ordinal="0" sl="53" sc="1" el="53" ec="2" bec="0" bev="0" fileid="11" />
              </SequencePoints>
              <BranchPoints />
              <MethodPoint vc="1" uspid="0" p8:type="SequencePoint" ordinal="0" offset="0" sc="0" sl="53" ec="1" el="53" bec="0" bev="0" fileid="11" xmlns:p8="xsi" />
            </Method>
          </Methods>
        </Class>
        <Class>
          <Summary numSequencePoints="18" visitedSequencePoints="18" numBranchPoints="2" visitedBranchPoints="2" sequenceCoverage="100" branchCoverage="100" maxCyclomaticComplexity="2" minCyclomaticComplexity="2" visitedClasses="1" numClasses="1" visitedMethods="1" numMethods="1" />
          <FullName>OrderingSystem.Application.Orders.Commands.CreateOrder.CreateOrderCommandHandler/&lt;Handle&gt;d__5</FullName>
          <Methods>
            <Method cyclomaticComplexity="2" nPathComplexity="2" sequenceCoverage="100" branchCoverage="100" isConstructor="False" isGetter="False" isSetter="False" isStatic="True">
              <Summary numSequencePoints="18" visitedSequencePoints="18" numBranchPoints="2" visitedBranchPoints="2" sequenceCoverage="100" branchCoverage="100" maxCyclomaticComplexity="2" minCyclomaticComplexity="2" visitedClasses="0" numClasses="0" visitedMethods="1" numMethods="1" />
              <MetadataToken />
              <Name>System.Void OrderingSystem.Application.Orders.Commands.CreateOrder.CreateOrderCommandHandler/&lt;Handle&gt;d__5::MoveNext()</Name>
              <FileRef uid="11" />
              <SequencePoints>
                <SequencePoint vc="1" uspid="31" ordinal="0" sl="31" sc="1" el="31" ec="2" bec="0" bev="0" fileid="11" />
                <SequencePoint vc="1" uspid="32" ordinal="1" sl="32" sc="1" el="32" ec="2" bec="0" bev="0" fileid="11" />
                <SequencePoint vc="5" uspid="34" ordinal="2" sl="34" sc="1" el="34" ec="2" bec="2" bev="2" fileid="11" />
                <SequencePoint vc="1" uspid="35" ordinal="3" sl="35" sc="1" el="35" ec="2" bec="0" bev="0" fileid="11" />
                <SequencePoint vc="1" uspid="36" ordinal="4" sl="36" sc="1" el="36" ec="2" bec="0" bev="0" fileid="11" />
                <SequencePoint vc="1" uspid="37" ordinal="5" sl="37" sc="1" el="37" ec="2" bec="0" bev="0" fileid="11" />
                <SequencePoint vc="1" uspid="39" ordinal="6" sl="39" sc="1" el="39" ec="2" bec="0" bev="0" fileid="11" />
                <SequencePoint vc="1" uspid="42" ordinal="7" sl="42" sc="1" el="42" ec="2" bec="0" bev="0" fileid="11" />
                <SequencePoint vc="1" uspid="45" ordinal="8" sl="45" sc="1" el="45" ec="2" bec="0" bev="0" fileid="11" />
                <SequencePoint vc="1" uspid="47" ordinal="9" sl="47" sc="1" el="47" ec="2" bec="0" bev="0" fileid="11" />
                <SequencePoint vc="1" uspid="49" ordinal="10" sl="49" sc="1" el="49" ec="2" bec="0" bev="0" fileid="11" />
                <SequencePoint vc="1" uspid="50" ordinal="11" sl="50" sc="1" el="50" ec="2" bec="0" bev="0" fileid="11" />
                <SequencePoint vc="1" uspid="51" ordinal="12" sl="51" sc="1" el="51" ec="2" bec="0" bev="0" fileid="11" />
                <SequencePoint vc="1" uspid="52" ordinal="13" sl="52" sc="1" el="52" ec="2" bec="0" bev="0" fileid="11" />
                <SequencePoint vc="1" uspid="54" ordinal="14" sl="54" sc="1" el="54" ec="2" bec="0" bev="0" fileid="11" />
                <SequencePoint vc="1" uspid="56" ordinal="15" sl="56" sc="1" el="56" ec="2" bec="0" bev="0" fileid="11" />
                <SequencePoint vc="1" uspid="58" ordinal="16" sl="58" sc="1" el="58" ec="2" bec="0" bev="0" fileid="11" />
                <SequencePoint vc="1" uspid="59" ordinal="17" sl="59" sc="1" el="59" ec="2" bec="0" bev="0" fileid="11" />
              </SequencePoints>
              <BranchPoints>
                <BranchPoint vc="1" uspid="34" ordinal="1" path="1" offset="172" offsetend="90" sl="34" fileid="11" />
                <BranchPoint vc="1" uspid="34" ordinal="0" path="0" offset="172" offsetend="174" sl="34" fileid="11" />
              </BranchPoints>
              <MethodPoint vc="18" uspid="0" p8:type="SequencePoint" ordinal="0" offset="0" sc="0" sl="31" ec="1" el="59" bec="0" bev="0" fileid="11" xmlns:p8="xsi" />
            </Method>
          </Methods>
        </Class>
        <Class>
          <Summary numSequencePoints="15" visitedSequencePoints="15" numBranchPoints="0" visitedBranchPoints="0" sequenceCoverage="100" branchCoverage="100" maxCyclomaticComplexity="1" minCyclomaticComplexity="1" visitedClasses="1" numClasses="1" visitedMethods="1" numMethods="1" />
          <FullName>OrderingSystem.Application.Orders.Commands.CreateOrder.CreateOrderCommandValidatorNew</FullName>
          <Methods>
            <Method cyclomaticComplexity="1" nPathComplexity="1" sequenceCoverage="100" branchCoverage="100" isConstructor="True" isGetter="False" isSetter="False" isStatic="True">
              <Summary numSequencePoints="15" visitedSequencePoints="15" numBranchPoints="0" visitedBranchPoints="0" sequenceCoverage="100" branchCoverage="100" maxCyclomaticComplexity="1" minCyclomaticComplexity="1" visitedClasses="0" numClasses="0" visitedMethods="1" numMethods="1" />
              <MetadataToken />
              <Name>System.Void OrderingSystem.Application.Orders.Commands.CreateOrder.CreateOrderCommandValidatorNew::.ctor()</Name>
              <FileRef uid="12" />
              <SequencePoints>
                <SequencePoint vc="1" uspid="7" ordinal="0" sl="7" sc="1" el="7" ec="2" bec="0" bev="0" fileid="12" />
                <SequencePoint vc="1" uspid="8" ordinal="1" sl="8" sc="1" el="8" ec="2" bec="0" bev="0" fileid="12" />
                <SequencePoint vc="1" uspid="9" ordinal="2" sl="9" sc="1" el="9" ec="2" bec="0" bev="0" fileid="12" />
                <SequencePoint vc="1" uspid="10" ordinal="3" sl="10" sc="1" el="10" ec="2" bec="0" bev="0" fileid="12" />
                <SequencePoint vc="1" uspid="11" ordinal="4" sl="11" sc="1" el="11" ec="2" bec="0" bev="0" fileid="12" />
                <SequencePoint vc="1" uspid="14" ordinal="5" sl="14" sc="1" el="14" ec="2" bec="0" bev="0" fileid="12" />
                <SequencePoint vc="1" uspid="15" ordinal="6" sl="15" sc="1" el="15" ec="2" bec="0" bev="0" fileid="12" />
                <SequencePoint vc="1" uspid="16" ordinal="7" sl="16" sc="1" el="16" ec="2" bec="0" bev="0" fileid="12" />
                <SequencePoint vc="1" uspid="19" ordinal="8" sl="19" sc="1" el="19" ec="2" bec="0" bev="0" fileid="12" />
                <SequencePoint vc="1" uspid="20" ordinal="9" sl="20" sc="1" el="20" ec="2" bec="0" bev="0" fileid="12" />
                <SequencePoint vc="1" uspid="21" ordinal="10" sl="21" sc="1" el="21" ec="2" bec="0" bev="0" fileid="12" />
                <SequencePoint vc="1" uspid="22" ordinal="11" sl="22" sc="1" el="22" ec="2" bec="0" bev="0" fileid="12" />
                <SequencePoint vc="1" uspid="23" ordinal="12" sl="23" sc="1" el="23" ec="2" bec="0" bev="0" fileid="12" />
                <SequencePoint vc="2" uspid="24" ordinal="13" sl="24" sc="1" el="24" ec="2" bec="0" bev="0" fileid="12" />
                <SequencePoint vc="1" uspid="25" ordinal="14" sl="25" sc="1" el="25" ec="2" bec="0" bev="0" fileid="12" />
              </SequencePoints>
              <BranchPoints />
              <MethodPoint vc="15" uspid="0" p8:type="SequencePoint" ordinal="0" offset="0" sc="0" sl="7" ec="1" el="25" bec="0" bev="0" fileid="12" xmlns:p8="xsi" />
            </Method>
          </Methods>
        </Class>
        <Class>
          <Summary numSequencePoints="1" visitedSequencePoints="1" numBranchPoints="0" visitedBranchPoints="0" sequenceCoverage="100" branchCoverage="100" maxCyclomaticComplexity="1" minCyclomaticComplexity="1" visitedClasses="1" numClasses="1" visitedMethods="1" numMethods="1" />
          <FullName>OrderingSystem.Application.Abstractions.Behaviors.ValidationBehavior`2</FullName>
          <Methods>
            <Method cyclomaticComplexity="1" nPathComplexity="1" sequenceCoverage="100" branchCoverage="100" isConstructor="True" isGetter="False" isSetter="False" isStatic="True">
              <Summary numSequencePoints="1" visitedSequencePoints="1" numBranchPoints="0" visitedBranchPoints="0" sequenceCoverage="100" branchCoverage="100" maxCyclomaticComplexity="1" minCyclomaticComplexity="1" visitedClasses="0" numClasses="0" visitedMethods="1" numMethods="1" />
              <MetadataToken />
              <Name>System.Void OrderingSystem.Application.Abstractions.Behaviors.ValidationBehavior`2::.ctor(System.Collections.Generic.IEnumerable`1&lt;FluentValidation.IValidator`1&lt;TRequest&gt;&gt;)</Name>
              <FileRef uid="13" />
              <SequencePoints>
                <SequencePoint vc="1" uspid="6" ordinal="0" sl="6" sc="1" el="6" ec="2" bec="0" bev="0" fileid="13" />
              </SequencePoints>
              <BranchPoints />
              <MethodPoint vc="1" uspid="0" p8:type="SequencePoint" ordinal="0" offset="0" sc="0" sl="6" ec="1" el="6" bec="0" bev="0" fileid="13" xmlns:p8="xsi" />
            </Method>
          </Methods>
        </Class>
        <Class>
          <Summary numSequencePoints="2" visitedSequencePoints="1" numBranchPoints="0" visitedBranchPoints="0" sequenceCoverage="50" branchCoverage="100" maxCyclomaticComplexity="1" minCyclomaticComplexity="1" visitedClasses="1" numClasses="1" visitedMethods="1" numMethods="2" />
          <FullName>OrderingSystem.Application.Abstractions.Behaviors.ValidationBehavior`2/&lt;&gt;c</FullName>
          <Methods>
            <Method cyclomaticComplexity="1" nPathComplexity="1" sequenceCoverage="100" branchCoverage="100" isConstructor="False" isGetter="False" isSetter="False" isStatic="True">
              <Summary numSequencePoints="1" visitedSequencePoints="1" numBranchPoints="0" visitedBranchPoints="0" sequenceCoverage="100" branchCoverage="100" maxCyclomaticComplexity="1" minCyclomaticComplexity="1" visitedClasses="0" numClasses="0" visitedMethods="1" numMethods="1" />
              <MetadataToken />
              <Name>System.Boolean OrderingSystem.Application.Abstractions.Behaviors.ValidationBehavior`2/&lt;&gt;c::&lt;Handle&gt;b__2_0(FluentValidation.Results.ValidationResult)</Name>
              <FileRef uid="13" />
              <SequencePoints>
                <SequencePoint vc="1" uspid="21" ordinal="0" sl="21" sc="1" el="21" ec="2" bec="0" bev="0" fileid="13" />
              </SequencePoints>
              <BranchPoints />
              <MethodPoint vc="1" uspid="0" p8:type="SequencePoint" ordinal="0" offset="0" sc="0" sl="21" ec="1" el="21" bec="0" bev="0" fileid="13" xmlns:p8="xsi" />
            </Method>
            <Method cyclomaticComplexity="1" nPathComplexity="1" sequenceCoverage="0" branchCoverage="100" isConstructor="False" isGetter="False" isSetter="False" isStatic="True">
              <Summary numSequencePoints="1" visitedSequencePoints="0" numBranchPoints="0" visitedBranchPoints="0" sequenceCoverage="0" branchCoverage="100" maxCyclomaticComplexity="1" minCyclomaticComplexity="1" visitedClasses="0" numClasses="0" visitedMethods="0" numMethods="1" />
              <MetadataToken />
              <Name>System.Collections.Generic.IEnumerable`1&lt;FluentValidation.Results.ValidationFailure&gt; OrderingSystem.Application.Abstractions.Behaviors.ValidationBehavior`2/&lt;&gt;c::&lt;Handle&gt;b__2_1(FluentValidation.Results.ValidationResult)</Name>
              <FileRef uid="13" />
              <SequencePoints>
                <SequencePoint vc="0" uspid="22" ordinal="0" sl="22" sc="1" el="22" ec="2" bec="0" bev="0" fileid="13" />
              </SequencePoints>
              <BranchPoints />
              <MethodPoint vc="0" uspid="0" p8:type="SequencePoint" ordinal="1" offset="1" sc="0" sl="22" ec="1" el="22" bec="0" bev="0" fileid="13" xmlns:p8="xsi" />
            </Method>
          </Methods>
        </Class>
        <Class>
          <Summary numSequencePoints="1" visitedSequencePoints="1" numBranchPoints="0" visitedBranchPoints="0" sequenceCoverage="100" branchCoverage="100" maxCyclomaticComplexity="1" minCyclomaticComplexity="1" visitedClasses="1" numClasses="1" visitedMethods="1" numMethods="1" />
          <FullName>OrderingSystem.Application.Abstractions.Behaviors.ValidationBehavior`2/&lt;&gt;c__DisplayClass2_0</FullName>
          <Methods>
[...]
                <SequencePoint vc="1" uspid="36" ordinal="6" sl="36" sc="1" el="36" ec="2" bec="0" bev="0" fileid="30" />
                <SequencePoint vc="1" uspid="37" ordinal="7" sl="37" sc="1" el="37" ec="2" bec="0" bev="0" fileid="30" />
                <SequencePoint vc="1" uspid="38" ordinal="8" sl="38" sc="1" el="38" ec="2" bec="0" bev="0" fileid="30" />
                <SequencePoint vc="1" uspid="39" ordinal="9" sl="39" sc="1" el="39" ec="2" bec="0" bev="0" fileid="30" />
                <SequencePoint vc="1" uspid="40" ordinal="10" sl="40" sc="1" el="40" ec="2" bec="0" bev="0" fileid="30" />
                <SequencePoint vc="1" uspid="41" ordinal="11" sl="41" sc="1" el="41" ec="2" bec="0" bev="0" fileid="30" />
                <SequencePoint vc="1" uspid="43" ordinal="12" sl="43" sc="1" el="43" ec="2" bec="0" bev="0" fileid="30" />
                <SequencePoint vc="1" uspid="45" ordinal="13" sl="45" sc="1" el="45" ec="2" bec="0" bev="0" fileid="30" />
                <SequencePoint vc="1" uspid="46" ordinal="14" sl="46" sc="1" el="46" ec="2" bec="0" bev="0" fileid="30" />
                <SequencePoint vc="1" uspid="48" ordinal="15" sl="48" sc="1" el="48" ec="2" bec="0" bev="0" fileid="30" />
                <SequencePoint vc="1" uspid="50" ordinal="16" sl="50" sc="1" el="50" ec="2" bec="0" bev="0" fileid="30" />
                <SequencePoint vc="1" uspid="51" ordinal="17" sl="51" sc="1" el="51" ec="2" bec="0" bev="0" fileid="30" />
                <SequencePoint vc="1" uspid="52" ordinal="18" sl="52" sc="1" el="52" ec="2" bec="0" bev="0" fileid="30" />
                <SequencePoint vc="1" uspid="53" ordinal="19" sl="53" sc="1" el="53" ec="2" bec="0" bev="0" fileid="30" />
                <SequencePoint vc="1" uspid="54" ordinal="20" sl="54" sc="1" el="54" ec="2" bec="0" bev="0" fileid="30" />
                <SequencePoint vc="1" uspid="55" ordinal="21" sl="55" sc="1" el="55" ec="2" bec="0" bev="0" fileid="30" />
                <SequencePoint vc="1" uspid="56" ordinal="22" sl="56" sc="1" el="56" ec="2" bec="0" bev="0" fileid="30" />
                <SequencePoint vc="1" uspid="57" ordinal="23" sl="57" sc="1" el="57" ec="2" bec="0" bev="0" fileid="30" />
                <SequencePoint vc="1" uspid="58" ordinal="24" sl="58" sc="1" el="58" ec="2" bec="0" bev="0" fileid="30" />
                <SequencePoint vc="1" uspid="60" ordinal="25" sl="60" sc="1" el="60" ec="2" bec="0" bev="0" fileid="30" />
                <SequencePoint vc="1" uspid="62" ordinal="26" sl="62" sc="1" el="62" ec="2" bec="0" bev="0" fileid="30" />
                <SequencePoint vc="1" uspid="63" ordinal="27" sl="63" sc="1" el="63" ec="2" bec="0" bev="0" fileid="30" />
                <SequencePoint vc="1" uspid="64" ordinal="28" sl="64" sc="1" el="64" ec="2" bec="0" bev="0" fileid="30" />
                <SequencePoint vc="1" uspid="65" ordinal="29" sl="65" sc="1" el="65" ec="2" bec="0" bev="0" fileid="30" />
                <SequencePoint vc="1" uspid="66" ordinal="30" sl="66" sc="1" el="66" ec="2" bec="0" bev="0" fileid="30" />
                <SequencePoint vc="1" uspid="68" ordinal="31" sl="68" sc="1" el="68" ec="2" bec="0" bev="0" fileid="30" />
                <SequencePoint vc="5" uspid="70" ordinal="32" sl="70" sc="1" el="70" ec="2" bec="2" bev="2" fileid="30" />
                <SequencePoint vc="1" uspid="71" ordinal="33" sl="71" sc="1" el="71" ec="2" bec="0" bev="0" fileid="30" />
                <SequencePoint vc="1" uspid="72" ordinal="34" sl="72" sc="1" el="72" ec="2" bec="2" bev="2" fileid="30" />
                <SequencePoint vc="1" uspid="73" ordinal="35" sl="73" sc="1" el="73" ec="2" bec="0" bev="0" fileid="30" />
                <SequencePoint vc="1" uspid="74" ordinal="36" sl="74" sc="1" el="74" ec="2" bec="0" bev="0" fileid="30" />
                <SequencePoint vc="1" uspid="75" ordinal="37" sl="75" sc="1" el="75" ec="2" bec="0" bev="0" fileid="30" />
                <SequencePoint vc="1" uspid="78" ordinal="38" sl="78" sc="1" el="78" ec="2" bec="2" bev="1" fileid="30" />
                <SequencePoint vc="0" uspid="79" ordinal="39" sl="79" sc="1" el="79" ec="2" bec="0" bev="0" fileid="30" />
                <SequencePoint vc="0" uspid="80" ordinal="40" sl="80" sc="1" el="80" ec="2" bec="0" bev="0" fileid="30" />
                <SequencePoint vc="0" uspid="81" ordinal="41" sl="81" sc="1" el="81" ec="2" bec="0" bev="0" fileid="30" />
                <SequencePoint vc="1" uspid="83" ordinal="42" sl="83" sc="1" el="83" ec="2" bec="0" bev="0" fileid="30" />
                <SequencePoint vc="1" uspid="84" ordinal="43" sl="84" sc="1" el="84" ec="2" bec="0" bev="0" fileid="30" />
                <SequencePoint vc="1" uspid="86" ordinal="44" sl="86" sc="1" el="86" ec="2" bec="0" bev="0" fileid="30" />
                <SequencePoint vc="1" uspid="88" ordinal="45" sl="88" sc="1" el="88" ec="2" bec="0" bev="0" fileid="30" />
                <SequencePoint vc="1" uspid="90" ordinal="46" sl="90" sc="1" el="90" ec="2" bec="0" bev="0" fileid="30" />
                <SequencePoint vc="1" uspid="93" ordinal="47" sl="93" sc="1" el="93" ec="2" bec="0" bev="0" fileid="30" />
                <SequencePoint vc="1" uspid="94" ordinal="48" sl="94" sc="1" el="94" ec="2" bec="0" bev="0" fileid="30" />
                <SequencePoint vc="1" uspid="96" ordinal="49" sl="96" sc="1" el="96" ec="2" bec="2" bev="1" fileid="30" />
                <SequencePoint vc="1" uspid="97" ordinal="50" sl="97" sc="1" el="97" ec="2" bec="0" bev="0" fileid="30" />
                <SequencePoint vc="1" uspid="98" ordinal="51" sl="98" sc="1" el="98" ec="2" bec="0" bev="0" fileid="30" />
                <SequencePoint vc="1" uspid="101" ordinal="52" sl="101" sc="1" el="101" ec="2" bec="0" bev="0" fileid="30" />
                <SequencePoint vc="1" uspid="103" ordinal="53" sl="103" sc="1" el="103" ec="2" bec="0" bev="0" fileid="30" />
                <SequencePoint vc="1" uspid="104" ordinal="54" sl="104" sc="1" el="104" ec="2" bec="0" bev="0" fileid="30" />
                <SequencePoint vc="1" uspid="105" ordinal="55" sl="105" sc="1" el="105" ec="2" bec="0" bev="0" fileid="30" />
                <SequencePoint vc="0" uspid="107" ordinal="56" sl="107" sc="1" el="107" ec="2" bec="0" bev="0" fileid="30" />
                <SequencePoint vc="0" uspid="108" ordinal="57" sl="108" sc="1" el="108" ec="2" bec="0" bev="0" fileid="30" />
                <SequencePoint vc="0" uspid="109" ordinal="58" sl="109" sc="1" el="109" ec="2" bec="0" bev="0" fileid="30" />
                <SequencePoint vc="1" uspid="112" ordinal="59" sl="112" sc="1" el="112" ec="2" bec="0" bev="0" fileid="30" />
                <SequencePoint vc="1" uspid="114" ordinal="60" sl="114" sc="1" el="114" ec="2" bec="0" bev="0" fileid="30" />
                <SequencePoint vc="1" uspid="115" ordinal="61" sl="115" sc="1" el="115" ec="2" bec="0" bev="0" fileid="30" />
                <SequencePoint vc="1" uspid="116" ordinal="62" sl="116" sc="1" el="116" ec="2" bec="0" bev="0" fileid="30" />
                <SequencePoint vc="1" uspid="117" ordinal="63" sl="117" sc="1" el="117" ec="2" bec="0" bev="0" fileid="30" />
                <SequencePoint vc="1" uspid="118" ordinal="64" sl="118" sc="1" el="118" ec="2" bec="0" bev="0" fileid="30" />
                <SequencePoint vc="1" uspid="119" ordinal="65" sl="119" sc="1" el="119" ec="2" bec="0" bev="0" fileid="30" />
                <SequencePoint vc="1" uspid="120" ordinal="66" sl="120" sc="1" el="120" ec="2" bec="0" bev="0" fileid="30" />
                <SequencePoint vc="0" uspid="121" ordinal="67" sl="121" sc="1" el="121" ec="2" bec="0" bev="0" fileid="30" />
                <SequencePoint vc="0" uspid="122" ordinal="68" sl="122" sc="1" el="122" ec="2" bec="0" bev="0" fileid="30" />
                <SequencePoint vc="0" uspid="123" ordinal="69" sl="123" sc="1" el="123" ec="2" bec="0" bev="0" fileid="30" />
                <SequencePoint vc="0" uspid="124" ordinal="70" sl="124" sc="1" el="124" ec="2" bec="0" bev="0" fileid="30" />
                <SequencePoint vc="1" uspid="126" ordinal="71" sl="126" sc="1" el="126" ec="2" bec="0" bev="0" fileid="30" />
              </SequencePoints>
              <BranchPoints>
                <BranchPoint vc="1" uspid="70" ordinal="5" path="1" offset="738" offsetend="475" sl="70" fileid="30" />
                <BranchPoint vc="1" uspid="72" ordinal="0" path="0" offset="509" offsetend="511" sl="72" fileid="30" />
                <BranchPoint vc="0" uspid="78" ordinal="2" path="0" offset="574" offsetend="576" sl="78" fileid="30" />
                <BranchPoint vc="1" uspid="78" ordinal="3" path="1" offset="574" offsetend="609" sl="78" fileid="30" />
                <BranchPoint vc="1" uspid="72" ordinal="1" path="1" offset="509" offsetend="610" sl="72" fileid="30" />
                <BranchPoint vc="1" uspid="70" ordinal="4" path="0" offset="738" offsetend="743" sl="70" fileid="30" />
                <BranchPoint vc="1" uspid="96" ordinal="6" path="0" offset="1240" offsetend="1245" sl="96" fileid="30" />
                <BranchPoint vc="0" uspid="96" ordinal="7" path="1" offset="1240" offsetend="1442" sl="96" fileid="30" />
              </BranchPoints>
              <MethodPoint vc="62" uspid="0" p8:type="SequencePoint" ordinal="0" offset="0" sc="0" sl="27" ec="1" el="126" bec="0" bev="0" fileid="30" xmlns:p8="xsi" />
            </Method>
          </Methods>
        </Class>
        <Class>
          <Summary numSequencePoints="2" visitedSequencePoints="0" numBranchPoints="0" visitedBranchPoints="0" sequenceCoverage="0" branchCoverage="100" maxCyclomaticComplexity="1" minCyclomaticComplexity="1" visitedClasses="0" numClasses="1" visitedMethods="0" numMethods="2" />
          <FullName>OrderingSystem.LLMWorker.Models.OrderDto</FullName>
          <Methods>
            <Method cyclomaticComplexity="1" nPathComplexity="1" sequenceCoverage="0" branchCoverage="100" isConstructor="False" isGetter="True" isSetter="False" isStatic="True">
              <Summary numSequencePoints="1" visitedSequencePoints="0" numBranchPoints="0" visitedBranchPoints="0" sequenceCoverage="0" branchCoverage="100" maxCyclomaticComplexity="1" minCyclomaticComplexity="1" visitedClasses="0" numClasses="0" visitedMethods="0" numMethods="1" />
              <MetadataToken />
              <Name>System.Collections.Generic.List`1&lt;OrderingSystem.LLMWorker.Models.OrderItemDto&gt; OrderingSystem.LLMWorker.Models.OrderDto::get_Items()</Name>
              <FileRef uid="31" />
              <SequencePoints>
                <SequencePoint vc="0" uspid="5" ordinal="0" sl="5" sc="1" el="5" ec="2" bec="0" bev="0" fileid="31" />
              </SequencePoints>
              <BranchPoints />
              <MethodPoint vc="0" uspid="0" p8:type="SequencePoint" ordinal="0" offset="0" sc="0" sl="5" ec="1" el="5" bec="0" bev="0" fileid="31" xmlns:p8="xsi" />
            </Method>
            <Method cyclomaticComplexity="1" nPathComplexity="1" sequenceCoverage="0" branchCoverage="100" isConstructor="False" isGetter="True" isSetter="False" isStatic="True">
              <Summary numSequencePoints="1" visitedSequencePoints="0" numBranchPoints="0" visitedBranchPoints="0" sequenceCoverage="0" branchCoverage="100" maxCyclomaticComplexity="1" minCyclomaticComplexity="1" visitedClasses="0" numClasses="0" visitedMethods="0" numMethods="1" />
              <MetadataToken />
              <Name>System.Decimal OrderingSystem.LLMWorker.Models.OrderDto::get_Total()</Name>
              <FileRef uid="31" />
              <SequencePoints>
                <SequencePoint vc="0" uspid="6" ordinal="0" sl="6" sc="1" el="6" ec="2" bec="0" bev="0" fileid="31" />
              </SequencePoints>
              <BranchPoints />
              <MethodPoint vc="0" uspid="0" p8:type="SequencePoint" ordinal="1" offset="1" sc="0" sl="6" ec="1" el="6" bec="0" bev="0" fileid="31" xmlns:p8="xsi" />
            </Method>
          </Methods>
        </Class>
        <Class>
          <Summary numSequencePoints="2" visitedSequencePoints="0" numBranchPoints="0" visitedBranchPoints="0" sequenceCoverage="0" branchCoverage="100" maxCyclomaticComplexity="1" minCyclomaticComplexity="1" visitedClasses="0" numClasses="1" visitedMethods="0" numMethods="2" />
          <FullName>OrderingSystem.LLMWorker.Models.OrderItemDto</FullName>
          <Methods>
            <Method cyclomaticComplexity="1" nPathComplexity="1" sequenceCoverage="0" branchCoverage="100" isConstructor="False" isGetter="True" isSetter="False" isStatic="True">
              <Summary numSequencePoints="1" visitedSequencePoints="0" numBranchPoints="0" visitedBranchPoints="0" sequenceCoverage="0" branchCoverage="100" maxCyclomaticComplexity="1" minCyclomaticComplexity="1" visitedClasses="0" numClasses="0" visitedMethods="0" numMethods="1" />
              <MetadataToken />
              <Name>System.String OrderingSystem.LLMWorker.Models.OrderItemDto::get_Product()</Name>
              <FileRef uid="31" />
              <SequencePoints>
                <SequencePoint vc="0" uspid="11" ordinal="0" sl="11" sc="1" el="11" ec="2" bec="0" bev="0" fileid="31" />
              </SequencePoints>
              <BranchPoints />
              <MethodPoint vc="0" uspid="0" p8:type="SequencePoint" ordinal="0" offset="0" sc="0" sl="11" ec="1" el="11" bec="0" bev="0" fileid="31" xmlns:p8="xsi" />
            </Method>
            <Method cyclomaticComplexity="1" nPathComplexity="1" sequenceCoverage="0" branchCoverage="100" isConstructor="False" isGetter="True" isSetter="False" isStatic="True">
              <Summary numSequencePoints="1" visitedSequencePoints="0" numBranchPoints="0" visitedBranchPoints="0" sequenceCoverage="0" branchCoverage="100" maxCyclomaticComplexity="1" minCyclomaticComplexity="1" visitedClasses="0" numClasses="0" visitedMethods="0" numMethods="1" />
              <MetadataToken />
              <Name>System.Int32 OrderingSystem.LLMWorker.Models.OrderItemDto::get_Quantity()</Name>
              <FileRef uid="31" />
              <SequencePoints>
                <SequencePoint vc="0" uspid="12" ordinal="0" sl="12" sc="1" el="12" ec="2" bec="0" bev="0" fileid="31" />
              </SequencePoints>
              <BranchPoints />
              <MethodPoint vc="0" uspid="0" p8:type="SequencePoint" ordinal="1" offset="1" sc="0" sl="12" ec="1" el="12" bec="0" bev="0" fileid="31" xmlns:p8="xsi" />
            </Method>
          </Methods>
        </Class>
      </Classes>
    </Module>
    <Module hash="5A509B10-16A2-4CF0-BAA8-46A0D9BBEDE7">
      <ModulePath>OrderingSystem.Shared.dll</ModulePath>
      <ModuleTime>2026-06-01T09:46:29</ModuleTime>
      <ModuleName>OrderingSystem.Shared</ModuleName>
      <Files>
        <File uid="32" fullPath="C:\Users\ecos0\source\ai-test\src\OrderingSystem.Shared\OrderCreated.cs" />
      </Files>
      <Classes>
        <Class>
          <Summary numSequencePoints="3" visitedSequencePoints="3" numBranchPoints="0" visitedBranchPoints="0" sequenceCoverage="100" branchCoverage="100" maxCyclomaticComplexity="1" minCyclomaticComplexity="1" visitedClasses="1" numClasses="1" visitedMethods="3" numMethods="3" />
          <FullName>OrderingSystem.Shared.OrderCreated</FullName>
          <Methods>
            <Method cyclomaticComplexity="1" nPathComplexity="1" sequenceCoverage="100" branchCoverage="100" isConstructor="False" isGetter="True" isSetter="False" isStatic="True">
              <Summary numSequencePoints="1" visitedSequencePoints="1" numBranchPoints="0" visitedBranchPoints="0" sequenceCoverage="100" branchCoverage="100" maxCyclomaticComplexity="1" minCyclomaticComplexity="1" visitedClasses="0" numClasses="0" visitedMethods="1" numMethods="1" />
              <MetadataToken />
              <Name>System.Guid OrderingSystem.Shared.OrderCreated::get_OrderId()</Name>
              <FileRef uid="32" />
              <SequencePoints>
                <SequencePoint vc="8" uspid="5" ordinal="0" sl="5" sc="1" el="5" ec="2" bec="0" bev="0" fileid="32" />
              </SequencePoints>
              <BranchPoints />
              <MethodPoint vc="1" uspid="0" p8:type="SequencePoint" ordinal="0" offset="0" sc="0" sl="5" ec="1" el="5" bec="0" bev="0" fileid="32" xmlns:p8="xsi" />
            </Method>
            <Method cyclomaticComplexity="1" nPathComplexity="1" sequenceCoverage="100" branchCoverage="100" isConstructor="False" isGetter="True" isSetter="False" isStatic="True">
              <Summary numSequencePoints="1" visitedSequencePoints="1" numBranchPoints="0" visitedBranchPoints="0" sequenceCoverage="100" branchCoverage="100" maxCyclomaticComplexity="1" minCyclomaticComplexity="1" visitedClasses="0" numClasses="0" visitedMethods="1" numMethods="1" />
              <MetadataToken />
              <Name>System.String OrderingSystem.Shared.OrderCreated::get_CustomerName()</Name>
              <FileRef uid="32" />
              <SequencePoints>
                <SequencePoint vc="6" uspid="6" ordinal="0" sl="6" sc="1" el="6" ec="2" bec="0" bev="0" fileid="32" />
              </SequencePoints>
              <BranchPoints />
              <MethodPoint vc="1" uspid="0" p8:type="SequencePoint" ordinal="1" offset="1" sc="0" sl="6" ec="1" el="6" bec="0" bev="0" fileid="32" xmlns:p8="xsi" />
            </Method>
            <Method cyclomaticComplexity="1" nPathComplexity="1" sequenceCoverage="100" branchCoverage="100" isConstructor="False" isGetter="True" isSetter="False" isStatic="True">
              <Summary numSequencePoints="1" visitedSequencePoints="1" numBranchPoints="0" visitedBranchPoints="0" sequenceCoverage="100" branchCoverage="100" maxCyclomaticComplexity="1" minCyclomaticComplexity="1" visitedClasses="0" numClasses="0" visitedMethods="1" numMethods="1" />
              <MetadataToken />
              <Name>System.Collections.Generic.List`1&lt;OrderingSystem.Shared.OrderItemDto&gt; OrderingSystem.Shared.OrderCreated::get_Items()</Name>
              <FileRef uid="32" />
              <SequencePoints>
                <SequencePoint vc="6" uspid="7" ordinal="0" sl="7" sc="1" el="7" ec="2" bec="0" bev="0" fileid="32" />
              </SequencePoints>
              <BranchPoints />
              <MethodPoint vc="1" uspid="0" p8:type="SequencePoint" ordinal="2" offset="2" sc="0" sl="7" ec="1" el="7" bec="0" bev="0" fileid="32" xmlns:p8="xsi" />
            </Method>
          </Methods>
        </Class>
        <Class>
          <Summary numSequencePoints="1" visitedSequencePoints="1" numBranchPoints="0" visitedBranchPoints="0" sequenceCoverage="100" branchCoverage="100" maxCyclomaticComplexity="1" minCyclomaticComplexity="1" visitedClasses="1" numClasses="1" visitedMethods="1" numMethods="1" />
          <FullName>OrderingSystem.Shared.OrderItemDto</FullName>
          <Methods>
            <Method cyclomaticComplexity="1" nPathComplexity="1" sequenceCoverage="100" branchCoverage="100" isConstructor="False" isGetter="True" isSetter="False" isStatic="True">
              <Summary numSequencePoints="1" visitedSequencePoints="1" numBranchPoints="0" visitedBranchPoints="0" sequenceCoverage="100" branchCoverage="100" maxCyclomaticComplexity="1" minCyclomaticComplexity="1" visitedClasses="0" numClasses="0" visitedMethods="1" numMethods="1" />
              <MetadataToken />
              <Name>System.String OrderingSystem.Shared.OrderItemDto::get_Product()</Name>
              <FileRef uid="32" />
              <SequencePoints>
                <SequencePoint vc="6" uspid="10" ordinal="0" sl="10" sc="1" el="10" ec="2" bec="0" bev="0" fileid="32" />
              </SequencePoints>
              <BranchPoints />
              <MethodPoint vc="1" uspid="0" p8:type="SequencePoint" ordinal="0" offset="0" sc="0" sl="10" ec="1" el="10" bec="0" bev="0" fileid="32" xmlns:p8="xsi" />
            </Method>
          </Methods>
        </Class>
      </Classes>
    </Module>
  </Modules>
</CoverageSession>